v8-version,10,2,154,23,-node.22,0
v8-platform,linux,linux
new,CodeRange,0x55cf53215000,0
new,MemoryChunk,0x386cb4c80000,262144
new,MemoryChunk,0x23ae9cb00000,262144
new,MemoryChunk,0x60693a40000,262144
new,MemoryChunk,0x307dee540000,262144
new,MemoryChunk,0x251265540000,262144
heap-capacity,1030976
heap-available,2198828672
new,MemoryChunk,0x1b05f74c0000,262144
new,MemoryChunk,0x998dc740000,262144
new,MemoryChunk,0x14b745600000,262144
new,MemoryChunk,0x1d4bb0780000,262144
new,MemoryChunk,0x118e542c0000,262144
new,MemoryChunk,0x1053a4c80000,262144
new,MemoryChunk,0x3e7206280000,262144
new,MemoryChunk,0x78c6b40000,262144
new,MemoryChunk,0x281308bc0000,262144
new,MemoryChunk,0x2f84fa2c0000,262144
new,MemoryChunk,0x55cf53240000,262144
new,MemoryChunk,0x4eb71000000,262144
new,MemoryChunk,0x208f29040000,262144
new,MemoryChunk,0x370551c00000,262144
new,MemoryChunk,0xe3ce63c0000,262144
new,MemoryChunk,0x9f88040000,262144
new,MemoryChunk,0x3908e5a80000,262144
new,MemoryChunk,0x1049cbc00000,262144
new,MemoryChunk,0x2ea1d3100000,262144
new,MemoryChunk,0x55cf53280000,262144
new,MemoryChunk,0x35e53b5c0000,262144
new,MemoryChunk,0xe51b5f80000,262144
new,MemoryChunk,0x6bcb21c0000,262144
new,MemoryChunk,0x18cb5d700000,262144
new,MemoryChunk,0x1747efc00000,262144
new,MemoryChunk,0x3401af480000,262144
new,MemoryChunk,0x30c3447c0000,262144
new,MemoryChunk,0x13ec51280000,262144
new,MemoryChunk,0x312a702c0000,262144
new,MemoryChunk,0x4c600d40000,262144
new,MemoryChunk,0x2daa067c0000,212992
new,MemoryChunk,0x238c918c0000,163840
new,MemoryChunk,0x2fda216c0000,262144
new,MemoryChunk,0x612f0c0000,262144
new,MemoryChunk,0xad16ec40000,262144
new,MemoryChunk,0x1b3053240000,262144
new,MemoryChunk,0x785472c0000,262144
new,MemoryChunk,0x3d5232ac0000,262144
new,MemoryChunk,0x3b9e1dc80000,262144
new,MemoryChunk,0x23ec49180000,262144
new,MemoryChunk,0xb0594040000,262144
new,MemoryChunk,0x30ecc9840000,262144
new,MemoryChunk,0x2fff78080000,262144
new,MemoryChunk,0x1bdcc9440000,262144
new,MemoryChunk,0x32a23e740000,262144
new,MemoryChunk,0x3027c8a40000,262144
new,MemoryChunk,0x32be49b40000,262144
new,MemoryChunk,0x98dfe300000,548864
new,MemoryChunk,0x24c29aa80000,143360
new,MemoryChunk,0x3a68eaa40000,262144
new,MemoryChunk,0x32c698300000,262144
new,MemoryChunk,0x14c425040000,262144
new,MemoryChunk,0x3a985cb00000,262144
new,MemoryChunk,0x2951afd80000,262144
new,MemoryChunk,0x19f5f7280000,262144
new,MemoryChunk,0x27c6d35c0000,262144
new,MemoryChunk,0x319383ac0000,262144
new,MemoryChunk,0x2ad9b6600000,262144
new,MemoryChunk,0xf0189940000,262144
new,MemoryChunk,0x26f178800000,262144
new,MemoryChunk,0x1df41d0c0000,262144
new,MemoryChunk,0x2cd0d5e40000,262144
new,MemoryChunk,0x2837424c0000,262144
new,MemoryChunk,0x148ead0c0000,262144
new,MemoryChunk,0x2efceb980000,262144
new,MemoryChunk,0x18f9eb3c0000,262144
new,MemoryChunk,0x2863b3940000,262144
new,MemoryChunk,0x663d42c0000,262144
new,MemoryChunk,0x230799580000,262144
new,MemoryChunk,0x3bc855c80000,262144
new,MemoryChunk,0x1d2ffd880000,262144
new,MemoryChunk,0x1b47c7380000,262144
new,MemoryChunk,0x29220e2c0000,262144
new,MemoryChunk,0x183966a00000,262144
delete,MemoryChunk,0x1b05f74c0000
delete,MemoryChunk,0x14b745600000
delete,MemoryChunk,0x1d4bb0780000
delete,MemoryChunk,0x118e542c0000
delete,MemoryChunk,0x1053a4c80000
delete,MemoryChunk,0x3e7206280000
delete,MemoryChunk,0x78c6b40000
delete,MemoryChunk,0x281308bc0000
delete,MemoryChunk,0x2f84fa2c0000
delete,MemoryChunk,0x4eb71000000
delete,MemoryChunk,0x370551c00000
delete,MemoryChunk,0xe3ce63c0000
delete,MemoryChunk,0x9f88040000
delete,MemoryChunk,0x3908e5a80000
delete,MemoryChunk,0x1049cbc00000
delete,MemoryChunk,0x2ea1d3100000
delete,MemoryChunk,0x35e53b5c0000
delete,MemoryChunk,0x312a702c0000
delete,MemoryChunk,0x612f0c0000
delete,MemoryChunk,0x6bcb21c0000
delete,MemoryChunk,0x4c600d40000
delete,MemoryChunk,0x1bdcc9440000
delete,MemoryChunk,0x2fff78080000
delete,MemoryChunk,0x2fda216c0000
delete,MemoryChunk,0x32a23e740000
delete,MemoryChunk,0x13ec51280000
delete,MemoryChunk,0x32c698300000
delete,MemoryChunk,0x663d42c0000
delete,MemoryChunk,0x230799580000
delete,MemoryChunk,0x32be49b40000
delete,MemoryChunk,0x3a68eaa40000
delete,MemoryChunk,0x3027c8a40000
delete,MemoryChunk,0x1b47c7380000
delete,MemoryChunk,0x29220e2c0000
delete,MemoryChunk,0x183966a00000
delete,MemoryChunk,0x3bc855c80000
delete,MemoryChunk,0x1d2ffd880000
delete,MemoryChunk,0x55cf53240000
delete,MemoryChunk,0x55cf53280000
delete,MemoryChunk,0x998dc740000
delete,MemoryChunk,0x208f29040000
delete,MemoryChunk,0xe51b5f80000
delete,LargeObjectChunk,0x238c918c0000
delete,MemoryChunk,0x238c918c0000
delete,LargeObjectChunk,0x2daa067c0000
delete,MemoryChunk,0x2daa067c0000
delete,LargeObjectChunk,0x24c29aa80000
delete,MemoryChunk,0x24c29aa80000
delete,LargeObjectChunk,0x98dfe300000
delete,MemoryChunk,0x98dfe300000
delete,MemoryChunk,0x18cb5d700000
delete,MemoryChunk,0x1747efc00000
delete,MemoryChunk,0x3401af480000
delete,MemoryChunk,0x30c3447c0000
delete,MemoryChunk,0xad16ec40000
delete,MemoryChunk,0x1b3053240000
delete,MemoryChunk,0x785472c0000
delete,MemoryChunk,0x3d5232ac0000
delete,MemoryChunk,0x26f178800000
delete,MemoryChunk,0x1df41d0c0000
delete,MemoryChunk,0x2cd0d5e40000
delete,MemoryChunk,0x2837424c0000
delete,MemoryChunk,0x148ead0c0000
delete,MemoryChunk,0x2efceb980000
delete,MemoryChunk,0x18f9eb3c0000
delete,MemoryChunk,0x2863b3940000
delete,MemoryChunk,0x23ae9cb00000
delete,MemoryChunk,0x307dee540000
delete,MemoryChunk,0x251265540000
delete,MemoryChunk,0x60693a40000
delete,MemoryChunk,0x3b9e1dc80000
delete,MemoryChunk,0xb0594040000
delete,MemoryChunk,0x30ecc9840000
delete,MemoryChunk,0x23ec49180000
delete,MemoryChunk,0x14c425040000
delete,MemoryChunk,0x3a985cb00000
delete,MemoryChunk,0x2951afd80000
delete,MemoryChunk,0x19f5f7280000
delete,MemoryChunk,0x27c6d35c0000
delete,MemoryChunk,0x319383ac0000
delete,MemoryChunk,0x2ad9b6600000
delete,MemoryChunk,0xf0189940000
