v8-version,10,2,154,23,-node.22,0
v8-platform,linux,linux
new,CodeRange,0x563a129dd000,0
new,MemoryChunk,0x17eada8c0000,262144
new,MemoryChunk,0x16b9d6080000,262144
new,MemoryChunk,0x7b6d0880000,262144
new,MemoryChunk,0x34cdfaac0000,262144
new,MemoryChunk,0x137b340c0000,262144
heap-capacity,1030976
heap-available,2198828672
new,MemoryChunk,0xf5a38080000,262144
new,MemoryChunk,0x1adb4840000,262144
new,MemoryChunk,0x56493000000,262144
new,MemoryChunk,0x143ad7f40000,262144
new,MemoryChunk,0x33665f9c0000,262144
new,MemoryChunk,0x233007400000,262144
new,MemoryChunk,0x28721c2c0000,262144
new,MemoryChunk,0x1a5c50bc0000,262144
new,MemoryChunk,0x46b4bc80000,262144
new,MemoryChunk,0x3347b4980000,262144
new,MemoryChunk,0x563a12a00000,262144
new,MemoryChunk,0x1073a2280000,262144
new,MemoryChunk,0x3adbfa5c0000,262144
new,MemoryChunk,0x12ef7af80000,262144
new,MemoryChunk,0x395428280000,262144
new,MemoryChunk,0x65f7af80000,262144
new,MemoryChunk,0xb64360c0000,262144
new,MemoryChunk,0x10f717580000,262144
new,MemoryChunk,0x10c2aedc0000,262144
new,MemoryChunk,0x3d1542e40000,262144
new,MemoryChunk,0x3f7d4cc0000,262144
new,MemoryChunk,0x37672fc00000,262144
new,MemoryChunk,0x563a12a40000,262144
delete,MemoryChunk,0xf5a38080000
delete,MemoryChunk,0x56493000000
delete,MemoryChunk,0x143ad7f40000
delete,MemoryChunk,0x33665f9c0000
delete,MemoryChunk,0x233007400000
delete,MemoryChunk,0x28721c2c0000
delete,MemoryChunk,0x1a5c50bc0000
delete,MemoryChunk,0x46b4bc80000
delete,MemoryChunk,0x3347b4980000
delete,MemoryChunk,0x1073a2280000
delete,MemoryChunk,0x12ef7af80000
delete,MemoryChunk,0x395428280000
delete,MemoryChunk,0x65f7af80000
delete,MemoryChunk,0xb64360c0000
delete,MemoryChunk,0x10f717580000
delete,MemoryChunk,0x10c2aedc0000
delete,MemoryChunk,0x3f7d4cc0000
delete,MemoryChunk,0x37672fc00000
delete,MemoryChunk,0x563a12a00000
delete,MemoryChunk,0x563a12a40000
delete,MemoryChunk,0x1adb4840000
delete,MemoryChunk,0x3adbfa5c0000
delete,MemoryChunk,0x3d1542e40000
delete,MemoryChunk,0x16b9d6080000
delete,MemoryChunk,0x7b6d0880000
delete,MemoryChunk,0x34cdfaac0000
delete,MemoryChunk,0x137b340c0000
