v8-version,10,2,154,23,-node.22,0
v8-platform,linux,linux
new,CodeRange,0x5565c79fa000,0
new,MemoryChunk,0x39bd05040000,262144
new,MemoryChunk,0x360e3b7c0000,262144
new,MemoryChunk,0x2558399c0000,262144
new,MemoryChunk,0xb1f3e800000,262144
new,MemoryChunk,0x3a1544580000,262144
heap-capacity,1030976
heap-available,2198828672
new,MemoryChunk,0x38ad711c0000,262144
new,MemoryChunk,0x3df04edc0000,262144
new,MemoryChunk,0x35fdc0e00000,262144
new,MemoryChunk,0x1f9efdf80000,262144
new,MemoryChunk,0x1173a1180000,262144
new,MemoryChunk,0x1b00b9800000,262144
new,MemoryChunk,0x291cc2400000,262144
new,MemoryChunk,0x3b919e340000,262144
new,MemoryChunk,0x2685c4940000,262144
new,MemoryChunk,0x1ba932a80000,262144
new,MemoryChunk,0x5565c7a00000,262144
new,MemoryChunk,0x8fb3fec0000,262144
new,MemoryChunk,0x115b75400000,262144
new,MemoryChunk,0x2aab803c0000,262144
new,MemoryChunk,0x1e3dbff00000,262144
new,MemoryChunk,0x2b7a5ebc0000,262144
new,MemoryChunk,0xcfadd3c0000,262144
new,MemoryChunk,0x2c1a48580000,262144
new,MemoryChunk,0x307f44480000,262144
new,MemoryChunk,0x9cf78740000,262144
new,MemoryChunk,0x18aaee280000,262144
new,MemoryChunk,0x2fc749d40000,262144
new,MemoryChunk,0x5565c7a40000,262144
delete,MemoryChunk,0x38ad711c0000
delete,MemoryChunk,0x35fdc0e00000
delete,MemoryChunk,0x1f9efdf80000
delete,MemoryChunk,0x1173a1180000
delete,MemoryChunk,0x1b00b9800000
delete,MemoryChunk,0x291cc2400000
delete,MemoryChunk,0x3b919e340000
delete,MemoryChunk,0x2685c4940000
delete,MemoryChunk,0x1ba932a80000
delete,MemoryChunk,0x8fb3fec0000
delete,MemoryChunk,0x2aab803c0000
delete,MemoryChunk,0x1e3dbff00000
delete,MemoryChunk,0x2b7a5ebc0000
delete,MemoryChunk,0xcfadd3c0000
delete,MemoryChunk,0x2c1a48580000
delete,MemoryChunk,0x307f44480000
delete,MemoryChunk,0x18aaee280000
delete,MemoryChunk,0x2fc749d40000
delete,MemoryChunk,0x5565c7a00000
delete,MemoryChunk,0x5565c7a40000
delete,MemoryChunk,0x3df04edc0000
delete,MemoryChunk,0x115b75400000
delete,MemoryChunk,0x9cf78740000
delete,MemoryChunk,0x360e3b7c0000
delete,MemoryChunk,0x2558399c0000
delete,MemoryChunk,0xb1f3e800000
delete,MemoryChunk,0x3a1544580000
