v8-version,10,2,154,23,-node.22,0
v8-platform,linux,linux
new,CodeRange,0x563994f3a000,0
new,MemoryChunk,0x1cfe6a580000,262144
new,MemoryChunk,0x139baff80000,262144
new,MemoryChunk,0x22f5f7c0000,262144
new,MemoryChunk,0x27f0731c0000,262144
new,MemoryChunk,0x3d718d00000,262144
heap-capacity,1030976
heap-available,2198828672
new,MemoryChunk,0x296ae0440000,262144
new,MemoryChunk,0x3fc790a40000,262144
new,MemoryChunk,0x3f7491080000,262144
new,MemoryChunk,0x306135b00000,262144
new,MemoryChunk,0x36a482240000,262144
new,MemoryChunk,0x36c7acc00000,262144
new,MemoryChunk,0x1c3c46b00000,262144
new,MemoryChunk,0x3f70b7580000,262144
new,MemoryChunk,0x2b720c0c0000,262144
new,MemoryChunk,0x239ba5c80000,262144
new,MemoryChunk,0x563994f40000,262144
new,MemoryChunk,0x4244e8c0000,262144
new,MemoryChunk,0x31acd700000,262144
new,MemoryChunk,0x204409380000,262144
new,MemoryChunk,0x225607f80000,262144
new,MemoryChunk,0x1a4297f40000,262144
new,MemoryChunk,0x2602a3c40000,262144
new,MemoryChunk,0x14bcf9c0000,262144
new,MemoryChunk,0x140171680000,262144
new,MemoryChunk,0x1b88f2bc0000,262144
new,MemoryChunk,0x3e4319740000,262144
new,MemoryChunk,0x34faabe40000,262144
new,MemoryChunk,0x563994f80000,262144
delete,MemoryChunk,0x296ae0440000
delete,MemoryChunk,0x3f7491080000
delete,MemoryChunk,0x306135b00000
delete,MemoryChunk,0x36a482240000
delete,MemoryChunk,0x36c7acc00000
delete,MemoryChunk,0x1c3c46b00000
delete,MemoryChunk,0x3f70b7580000
delete,MemoryChunk,0x2b720c0c0000
delete,MemoryChunk,0x239ba5c80000
delete,MemoryChunk,0x4244e8c0000
delete,MemoryChunk,0x204409380000
delete,MemoryChunk,0x225607f80000
delete,MemoryChunk,0x1a4297f40000
delete,MemoryChunk,0x2602a3c40000
delete,MemoryChunk,0x14bcf9c0000
delete,MemoryChunk,0x140171680000
delete,MemoryChunk,0x3e4319740000
delete,MemoryChunk,0x34faabe40000
delete,MemoryChunk,0x563994f40000
delete,MemoryChunk,0x563994f80000
delete,MemoryChunk,0x3fc790a40000
delete,MemoryChunk,0x31acd700000
delete,MemoryChunk,0x1b88f2bc0000
delete,MemoryChunk,0x139baff80000
delete,MemoryChunk,0x22f5f7c0000
delete,MemoryChunk,0x27f0731c0000
delete,MemoryChunk,0x3d718d00000
