v8-version,10,2,154,23,-node.22,0
v8-platform,linux,linux
new,CodeRange,0x55f460606000,0
new,MemoryChunk,0x2c9968840000,262144
new,MemoryChunk,0x228182100000,262144
new,MemoryChunk,0xad5f8580000,262144
new,MemoryChunk,0x22ac00640000,262144
new,MemoryChunk,0x1c45f6900000,262144
heap-capacity,1030976
heap-available,2198828672
new,MemoryChunk,0x1b270c140000,262144
new,MemoryChunk,0x3d9014840000,262144
new,MemoryChunk,0x15c2ad540000,262144
new,MemoryChunk,0x30d47ba80000,262144
new,MemoryChunk,0x1579d9500000,262144
new,MemoryChunk,0x1de31fdc0000,262144
new,MemoryChunk,0xed4de500000,262144
new,MemoryChunk,0x383434d00000,262144
new,MemoryChunk,0x50aa5440000,262144
new,MemoryChunk,0x82af2000000,262144
new,MemoryChunk,0x55f460640000,262144
new,MemoryChunk,0x3d7a8540000,262144
new,MemoryChunk,0x1d5ac5600000,262144
new,MemoryChunk,0xd7065f80000,262144
new,MemoryChunk,0x396808440000,262144
new,MemoryChunk,0x333a6f280000,262144
new,MemoryChunk,0x14c18c480000,262144
new,MemoryChunk,0x3a920b280000,262144
new,MemoryChunk,0x242136e00000,262144
new,MemoryChunk,0x5594de80000,262144
new,MemoryChunk,0xf794e480000,262144
new,MemoryChunk,0x26b2680000,262144
new,MemoryChunk,0x55f460680000,262144
new,MemoryChunk,0x14a86a4c0000,405504
new,MemoryChunk,0x3fb3b0e80000,262144
new,MemoryChunk,0x1fb1f84c0000,262144
new,MemoryChunk,0x29c304540000,262144
new,MemoryChunk,0x26f78c980000,262144
new,MemoryChunk,0x296998c40000,262144
new,MemoryChunk,0x1034d54c0000,270336
new,MemoryChunk,0x1cc690ac0000,262144
new,MemoryChunk,0x37c80b0c0000,262144
new,MemoryChunk,0x55f4606c0000,262144
new,MemoryChunk,0x316ba1bc0000,262144
new,MemoryChunk,0x3d9cd3b40000,262144
new,MemoryChunk,0x20d2cd740000,262144
new,MemoryChunk,0x37312ca80000,262144
new,MemoryChunk,0x31ff3db00000,262144
new,MemoryChunk,0x252e20780000,262144
new,MemoryChunk,0x1842b5540000,262144
new,MemoryChunk,0x15b9a5c40000,262144
new,MemoryChunk,0x3455ecc00000,262144
new,MemoryChunk,0x2bb92db40000,262144
new,MemoryChunk,0x22e0a5e00000,262144
new,MemoryChunk,0xb3558300000,491520
new,MemoryChunk,0x7ffc1c00000,262144
new,MemoryChunk,0x28464d640000,262144
new,MemoryChunk,0x1c0ae7440000,262144
new,MemoryChunk,0x380705f40000,262144
new,MemoryChunk,0x1adc36d00000,262144
new,MemoryChunk,0x248d21f00000,262144
new,MemoryChunk,0x3eea59100000,262144
new,MemoryChunk,0x17e33fcc0000,262144
new,MemoryChunk,0x28a1b9e80000,262144
new,MemoryChunk,0x302b99f00000,262144
new,MemoryChunk,0x2a20d6d40000,262144
new,MemoryChunk,0x34b6fd700000,262144
new,MemoryChunk,0x334081240000,262144
new,MemoryChunk,0x25426b700000,262144
new,MemoryChunk,0x113d9ea00000,262144
new,MemoryChunk,0x37c921440000,262144
new,MemoryChunk,0x306e10680000,262144
new,MemoryChunk,0x1783c9a80000,262144
new,MemoryChunk,0x110a0a6c0000,262144
new,MemoryChunk,0xe3555e40000,262144
new,MemoryChunk,0x2b6a7a940000,262144
new,MemoryChunk,0x917d9ac0000,262144
new,MemoryChunk,0x8ddaa940000,262144
new,MemoryChunk,0x2ddb6f9c0000,262144
new,MemoryChunk,0x2ed0bed40000,262144
new,MemoryChunk,0x14e3d5f00000,262144
new,MemoryChunk,0x1dd964c40000,262144
new,MemoryChunk,0x7a2eae00000,262144
new,MemoryChunk,0x55f460700000,262144
new,MemoryChunk,0x2dc853700000,262144
new,MemoryChunk,0x6e4b7dc0000,262144
new,MemoryChunk,0x32b8b2000000,262144
new,MemoryChunk,0x2b1ceed40000,262144
delete,MemoryChunk,0x1b270c140000
delete,MemoryChunk,0x15c2ad540000
delete,MemoryChunk,0x30d47ba80000
delete,MemoryChunk,0x1579d9500000
delete,MemoryChunk,0x1de31fdc0000
delete,MemoryChunk,0xed4de500000
delete,MemoryChunk,0x383434d00000
delete,MemoryChunk,0x50aa5440000
delete,MemoryChunk,0x82af2000000
delete,MemoryChunk,0x3d7a8540000
delete,MemoryChunk,0xd7065f80000
delete,MemoryChunk,0x396808440000
delete,MemoryChunk,0x333a6f280000
delete,MemoryChunk,0x14c18c480000
delete,MemoryChunk,0x3a920b280000
delete,MemoryChunk,0x242136e00000
delete,MemoryChunk,0x3fb3b0e80000
delete,MemoryChunk,0x1cc690ac0000
delete,MemoryChunk,0x37c80b0c0000
delete,MemoryChunk,0x3455ecc00000
delete,MemoryChunk,0xf794e480000
delete,MemoryChunk,0x26b2680000
delete,MemoryChunk,0x22e0a5e00000
delete,MemoryChunk,0x2bb92db40000
delete,MemoryChunk,0x380705f40000
delete,MemoryChunk,0x1c0ae7440000
delete,MemoryChunk,0x7ffc1c00000
delete,MemoryChunk,0x28464d640000
delete,MemoryChunk,0x248d21f00000
delete,MemoryChunk,0x3eea59100000
delete,MemoryChunk,0x14e3d5f00000
delete,MemoryChunk,0x7a2eae00000
delete,MemoryChunk,0x1dd964c40000
delete,MemoryChunk,0x2ed0bed40000
delete,MemoryChunk,0x32b8b2000000
delete,MemoryChunk,0x17e33fcc0000
delete,MemoryChunk,0x6e4b7dc0000
delete,MemoryChunk,0x2dc853700000
delete,MemoryChunk,0x2b1ceed40000
delete,MemoryChunk,0x55f460640000
delete,MemoryChunk,0x55f460680000
delete,MemoryChunk,0x55f4606c0000
delete,MemoryChunk,0x55f460700000
delete,MemoryChunk,0x3d9014840000
delete,MemoryChunk,0x1d5ac5600000
delete,MemoryChunk,0x5594de80000
delete,MemoryChunk,0x1adc36d00000
delete,LargeObjectChunk,0x14a86a4c0000
delete,MemoryChunk,0x14a86a4c0000
delete,LargeObjectChunk,0x1034d54c0000
delete,MemoryChunk,0x1034d54c0000
delete,LargeObjectChunk,0xb3558300000
delete,MemoryChunk,0xb3558300000
delete,MemoryChunk,0x1fb1f84c0000
delete,MemoryChunk,0x26f78c980000
delete,MemoryChunk,0x31ff3db00000
delete,MemoryChunk,0x252e20780000
delete,MemoryChunk,0x1842b5540000
delete,MemoryChunk,0x15b9a5c40000
delete,MemoryChunk,0x29c304540000
delete,MemoryChunk,0x296998c40000
delete,MemoryChunk,0x28a1b9e80000
delete,MemoryChunk,0x302b99f00000
delete,MemoryChunk,0x2a20d6d40000
delete,MemoryChunk,0x34b6fd700000
delete,MemoryChunk,0x334081240000
delete,MemoryChunk,0x25426b700000
delete,MemoryChunk,0x113d9ea00000
delete,MemoryChunk,0x37c921440000
delete,MemoryChunk,0x228182100000
delete,MemoryChunk,0x22ac00640000
delete,MemoryChunk,0x1c45f6900000
delete,MemoryChunk,0xad5f8580000
delete,MemoryChunk,0x316ba1bc0000
delete,MemoryChunk,0x3d9cd3b40000
delete,MemoryChunk,0x20d2cd740000
delete,MemoryChunk,0x37312ca80000
delete,MemoryChunk,0x306e10680000
delete,MemoryChunk,0x1783c9a80000
delete,MemoryChunk,0x110a0a6c0000
delete,MemoryChunk,0xe3555e40000
delete,MemoryChunk,0x2b6a7a940000
delete,MemoryChunk,0x917d9ac0000
delete,MemoryChunk,0x8ddaa940000
delete,MemoryChunk,0x2ddb6f9c0000
