v8-version,10,2,154,23,-node.22,0
v8-platform,linux,linux
new,CodeRange,0x55d2bd39b000,0
new,MemoryChunk,0x2232cefc0000,262144
new,MemoryChunk,0x3a518ddc0000,262144
new,MemoryChunk,0x2075df740000,262144
new,MemoryChunk,0x251a07fc0000,262144
new,MemoryChunk,0x29f55f500000,262144
heap-capacity,1030976
heap-available,2198828672
new,MemoryChunk,0x21cc09340000,262144
new,MemoryChunk,0x106582080000,262144
new,MemoryChunk,0x919b9ac0000,262144
new,MemoryChunk,0x3cf95fb40000,262144
new,MemoryChunk,0x3218aa100000,262144
new,MemoryChunk,0x33b12ee00000,262144
new,MemoryChunk,0x2ff5f2440000,262144
new,MemoryChunk,0x25c0ffd80000,262144
new,MemoryChunk,0x103696240000,262144
new,MemoryChunk,0x16f9d0100000,262144
new,MemoryChunk,0x55d2bd3c0000,262144
new,MemoryChunk,0x3ce25d680000,262144
new,MemoryChunk,0x3fe71ea00000,262144
new,MemoryChunk,0x3ac5b1440000,262144
new,MemoryChunk,0x4332ce00000,262144
new,MemoryChunk,0x1f8d59f00000,262144
new,MemoryChunk,0x29bb16840000,262144
new,MemoryChunk,0x1eafa6380000,262144
new,MemoryChunk,0x38318fc00000,262144
new,MemoryChunk,0x34f676180000,262144
new,MemoryChunk,0x4670fa40000,262144
new,MemoryChunk,0x1a01f9f40000,262144
new,MemoryChunk,0x55d2bd400000,262144
new,MemoryChunk,0x25c91c980000,405504
new,MemoryChunk,0x12674c440000,262144
new,MemoryChunk,0xabcc0940000,262144
new,MemoryChunk,0x1d94b5380000,262144
new,MemoryChunk,0x2d3b4ec80000,262144
new,MemoryChunk,0x8a592700000,262144
new,MemoryChunk,0x9402cc40000,270336
new,MemoryChunk,0x67e83b00000,262144
new,MemoryChunk,0x1b5dcd540000,262144
new,MemoryChunk,0x55d2bd440000,262144
new,MemoryChunk,0x2447f5e00000,262144
new,MemoryChunk,0x15f566ac0000,262144
new,MemoryChunk,0x377da100000,262144
new,MemoryChunk,0xefdd4980000,262144
new,MemoryChunk,0x57234ac0000,262144
new,MemoryChunk,0x100c6f2c0000,262144
new,MemoryChunk,0x13670e680000,262144
new,MemoryChunk,0x2550d3100000,262144
new,MemoryChunk,0x25ac40180000,262144
new,MemoryChunk,0x10c945f40000,262144
new,MemoryChunk,0x36565680000,262144
new,MemoryChunk,0x315994140000,491520
new,MemoryChunk,0x34f6acec0000,262144
new,MemoryChunk,0x191af0dc0000,262144
new,MemoryChunk,0x902a5c80000,262144
new,MemoryChunk,0x6b3988c0000,262144
new,MemoryChunk,0x3dfb30b40000,262144
new,MemoryChunk,0x3fdcbe4c0000,262144
new,MemoryChunk,0x9afcc4c0000,262144
new,MemoryChunk,0x34ffaad00000,262144
new,MemoryChunk,0xf954b80000,262144
new,MemoryChunk,0x22252c480000,262144
new,MemoryChunk,0x392d825c0000,262144
new,MemoryChunk,0x2871c2000000,262144
new,MemoryChunk,0x1a3558540000,262144
new,MemoryChunk,0x2dea8dfc0000,262144
new,MemoryChunk,0x378030400000,262144
new,MemoryChunk,0xdebf9a00000,262144
new,MemoryChunk,0x2f9470040000,262144
new,MemoryChunk,0x1f0c66840000,262144
new,MemoryChunk,0x2647fc780000,262144
new,MemoryChunk,0x237511b80000,262144
new,MemoryChunk,0x1c34b92c0000,262144
new,MemoryChunk,0x20747a240000,262144
new,MemoryChunk,0x1bbcea5c0000,262144
new,MemoryChunk,0xeaf74e00000,262144
new,MemoryChunk,0x28cd2f540000,262144
new,MemoryChunk,0x1dad4bc00000,262144
new,MemoryChunk,0x378817a80000,262144
new,MemoryChunk,0x55d2bd480000,262144
new,MemoryChunk,0x86afab00000,262144
new,MemoryChunk,0x2e1e5b040000,262144
new,MemoryChunk,0x3b02e6800000,262144
new,MemoryChunk,0x23acc1880000,262144
new,MemoryChunk,0x1bb3e1b40000,262144
delete,MemoryChunk,0x21cc09340000
delete,MemoryChunk,0x919b9ac0000
delete,MemoryChunk,0x3cf95fb40000
delete,MemoryChunk,0x3218aa100000
delete,MemoryChunk,0x33b12ee00000
delete,MemoryChunk,0x2ff5f2440000
delete,MemoryChunk,0x25c0ffd80000
delete,MemoryChunk,0x103696240000
delete,MemoryChunk,0x16f9d0100000
delete,MemoryChunk,0x3ce25d680000
delete,MemoryChunk,0x3ac5b1440000
delete,MemoryChunk,0x4332ce00000
delete,MemoryChunk,0x1f8d59f00000
delete,MemoryChunk,0x29bb16840000
delete,MemoryChunk,0x1eafa6380000
delete,MemoryChunk,0x38318fc00000
delete,MemoryChunk,0x12674c440000
delete,MemoryChunk,0x67e83b00000
delete,MemoryChunk,0x1b5dcd540000
delete,MemoryChunk,0x25ac40180000
delete,MemoryChunk,0x4670fa40000
delete,MemoryChunk,0x1a01f9f40000
delete,MemoryChunk,0x36565680000
delete,MemoryChunk,0x10c945f40000
delete,MemoryChunk,0x902a5c80000
delete,MemoryChunk,0x3fdcbe4c0000
delete,MemoryChunk,0x34f6acec0000
delete,MemoryChunk,0x378817a80000
delete,MemoryChunk,0x191af0dc0000
delete,MemoryChunk,0x28cd2f540000
delete,MemoryChunk,0x34ffaad00000
delete,MemoryChunk,0x86afab00000
delete,MemoryChunk,0x9afcc4c0000
delete,MemoryChunk,0x23acc1880000
delete,MemoryChunk,0x1dad4bc00000
delete,MemoryChunk,0x6b3988c0000
delete,MemoryChunk,0x3b02e6800000
delete,MemoryChunk,0x2e1e5b040000
delete,MemoryChunk,0x1bb3e1b40000
delete,MemoryChunk,0x55d2bd3c0000
delete,MemoryChunk,0x55d2bd400000
delete,MemoryChunk,0x55d2bd440000
delete,MemoryChunk,0x55d2bd480000
delete,MemoryChunk,0x106582080000
delete,MemoryChunk,0x3fe71ea00000
delete,MemoryChunk,0x34f676180000
delete,MemoryChunk,0x3dfb30b40000
delete,LargeObjectChunk,0x25c91c980000
delete,MemoryChunk,0x25c91c980000
delete,LargeObjectChunk,0x9402cc40000
delete,MemoryChunk,0x9402cc40000
delete,LargeObjectChunk,0x315994140000
delete,MemoryChunk,0x315994140000
delete,MemoryChunk,0xabcc0940000
delete,MemoryChunk,0x1d94b5380000
delete,MemoryChunk,0x2d3b4ec80000
delete,MemoryChunk,0x8a592700000
delete,MemoryChunk,0x57234ac0000
delete,MemoryChunk,0x100c6f2c0000
delete,MemoryChunk,0x13670e680000
delete,MemoryChunk,0x2550d3100000
delete,MemoryChunk,0xf954b80000
delete,MemoryChunk,0x22252c480000
delete,MemoryChunk,0x392d825c0000
delete,MemoryChunk,0x2871c2000000
delete,MemoryChunk,0x1a3558540000
delete,MemoryChunk,0x2dea8dfc0000
delete,MemoryChunk,0x378030400000
delete,MemoryChunk,0xdebf9a00000
delete,MemoryChunk,0x3a518ddc0000
delete,MemoryChunk,0x251a07fc0000
delete,MemoryChunk,0x29f55f500000
delete,MemoryChunk,0x2075df740000
delete,MemoryChunk,0x2447f5e00000
delete,MemoryChunk,0x15f566ac0000
delete,MemoryChunk,0x377da100000
delete,MemoryChunk,0xefdd4980000
delete,MemoryChunk,0x2f9470040000
delete,MemoryChunk,0x1f0c66840000
delete,MemoryChunk,0x2647fc780000
delete,MemoryChunk,0x237511b80000
delete,MemoryChunk,0x1c34b92c0000
delete,MemoryChunk,0x20747a240000
delete,MemoryChunk,0x1bbcea5c0000
delete,MemoryChunk,0xeaf74e00000
