v8-version,10,2,154,23,-node.22,0
v8-platform,linux,linux
new,CodeRange,0x561dbfd8a000,0
new,MemoryChunk,0x2b06189c0000,262144
new,MemoryChunk,0x3911df1c0000,262144
new,MemoryChunk,0x1bf7a5a80000,262144
new,MemoryChunk,0x44406d80000,262144
new,MemoryChunk,0x2b95f3ec0000,262144
heap-capacity,1030976
heap-available,2198828672
new,MemoryChunk,0x3d0c4af40000,262144
new,MemoryChunk,0x141552080000,262144
new,MemoryChunk,0x155b56f80000,262144
new,MemoryChunk,0x251a9be80000,262144
new,MemoryChunk,0x3ca479900000,262144
new,MemoryChunk,0x22c29a680000,262144
new,MemoryChunk,0xe8a5e3c0000,262144
new,MemoryChunk,0x1ad3cb8c0000,262144
new,MemoryChunk,0xcc341300000,262144
new,MemoryChunk,0x20bdfc180000,262144
new,MemoryChunk,0x561dbfdc0000,262144
new,MemoryChunk,0x52ab1700000,262144
new,MemoryChunk,0x6ad93ac0000,262144
new,MemoryChunk,0x1ccc23cc0000,262144
new,MemoryChunk,0x34f47d100000,262144
new,MemoryChunk,0x1a02bbe80000,262144
new,MemoryChunk,0x2c6e8ae40000,262144
new,MemoryChunk,0x286b73e00000,262144
new,MemoryChunk,0x60830100000,262144
new,MemoryChunk,0x1c34f2bc0000,262144
new,MemoryChunk,0x30d6a3c0000,262144
new,MemoryChunk,0xdda83480000,262144
new,MemoryChunk,0x561dbfe00000,262144
new,MemoryChunk,0xd4209980000,405504
new,MemoryChunk,0x382a1e940000,262144
new,MemoryChunk,0x39a8234c0000,262144
new,MemoryChunk,0x13f3f9900000,262144
new,MemoryChunk,0x1b9581340000,262144
new,MemoryChunk,0x3389163c0000,262144
new,MemoryChunk,0x150a32b40000,270336
new,MemoryChunk,0x8e788f00000,262144
new,MemoryChunk,0x32542cd80000,262144
new,MemoryChunk,0x561dbfe40000,262144
new,MemoryChunk,0x16ed20600000,262144
new,MemoryChunk,0xb69f9c80000,262144
new,MemoryChunk,0x29faece80000,262144
new,MemoryChunk,0x3f0a58440000,262144
new,MemoryChunk,0xbd35f400000,262144
new,MemoryChunk,0x32558a240000,262144
new,MemoryChunk,0xff6ed4c0000,262144
new,MemoryChunk,0x31a3ca080000,262144
new,MemoryChunk,0x377835fc0000,262144
new,MemoryChunk,0x2268a3280000,262144
new,MemoryChunk,0x320e57540000,262144
new,MemoryChunk,0x252a45580000,491520
new,MemoryChunk,0x30a988880000,262144
new,MemoryChunk,0x3b0a227c0000,262144
new,MemoryChunk,0x20ff57f40000,262144
new,MemoryChunk,0x321218b40000,262144
new,MemoryChunk,0x196026e00000,262144
new,MemoryChunk,0x304270a40000,262144
new,MemoryChunk,0x26d6ecf80000,262144
new,MemoryChunk,0x3a4243940000,262144
new,MemoryChunk,0x1acb9be00000,262144
new,MemoryChunk,0x1de6fee40000,262144
new,MemoryChunk,0x10b88c380000,262144
new,MemoryChunk,0x7a5eb580000,262144
new,MemoryChunk,0x3d6ab7dc0000,262144
new,MemoryChunk,0x139fc9080000,262144
new,MemoryChunk,0x2b5d9dc40000,262144
new,MemoryChunk,0x396112ac0000,262144
new,MemoryChunk,0x13aa0a3c0000,262144
new,MemoryChunk,0x3b4f664c0000,262144
new,MemoryChunk,0x259488380000,262144
new,MemoryChunk,0x36397ad00000,262144
new,MemoryChunk,0x253735f40000,262144
new,MemoryChunk,0x124be9dc0000,262144
new,MemoryChunk,0x3bd9ff2c0000,262144
new,MemoryChunk,0x1819835c0000,262144
new,MemoryChunk,0xf552dd00000,262144
new,MemoryChunk,0x1d2949980000,262144
new,MemoryChunk,0x1caefd900000,262144
new,MemoryChunk,0xf2d2d2c0000,262144
new,MemoryChunk,0x561dbfe80000,262144
new,MemoryChunk,0x38b76900000,262144
new,MemoryChunk,0x173f9f400000,262144
new,MemoryChunk,0x3b76a8f00000,262144
delete,MemoryChunk,0x3d0c4af40000
delete,MemoryChunk,0x155b56f80000
delete,MemoryChunk,0x251a9be80000
delete,MemoryChunk,0x3ca479900000
delete,MemoryChunk,0x22c29a680000
delete,MemoryChunk,0xe8a5e3c0000
delete,MemoryChunk,0x1ad3cb8c0000
delete,MemoryChunk,0xcc341300000
delete,MemoryChunk,0x20bdfc180000
delete,MemoryChunk,0x52ab1700000
delete,MemoryChunk,0x1ccc23cc0000
delete,MemoryChunk,0x34f47d100000
delete,MemoryChunk,0x1a02bbe80000
delete,MemoryChunk,0x2c6e8ae40000
delete,MemoryChunk,0x286b73e00000
delete,MemoryChunk,0x60830100000
delete,MemoryChunk,0x382a1e940000
delete,MemoryChunk,0x8e788f00000
delete,MemoryChunk,0x377835fc0000
delete,MemoryChunk,0x32542cd80000
delete,MemoryChunk,0x320e57540000
delete,MemoryChunk,0x30d6a3c0000
delete,MemoryChunk,0x321218b40000
delete,MemoryChunk,0xdda83480000
delete,MemoryChunk,0x304270a40000
delete,MemoryChunk,0x30a988880000
delete,MemoryChunk,0x2268a3280000
delete,MemoryChunk,0x26d6ecf80000
delete,MemoryChunk,0x20ff57f40000
delete,MemoryChunk,0x3a4243940000
delete,MemoryChunk,0xf2d2d2c0000
delete,MemoryChunk,0x1caefd900000
delete,MemoryChunk,0x3b0a227c0000
delete,MemoryChunk,0xf552dd00000
delete,MemoryChunk,0x1d2949980000
delete,MemoryChunk,0x173f9f400000
delete,MemoryChunk,0x3b76a8f00000
delete,MemoryChunk,0x38b76900000
delete,MemoryChunk,0x561dbfdc0000
delete,MemoryChunk,0x561dbfe00000
delete,MemoryChunk,0x561dbfe40000
delete,MemoryChunk,0x561dbfe80000
delete,MemoryChunk,0x141552080000
delete,MemoryChunk,0x6ad93ac0000
delete,MemoryChunk,0x1c34f2bc0000
delete,MemoryChunk,0x196026e00000
delete,LargeObjectChunk,0xd4209980000
delete,MemoryChunk,0xd4209980000
delete,LargeObjectChunk,0x150a32b40000
delete,MemoryChunk,0x150a32b40000
delete,LargeObjectChunk,0x252a45580000
delete,MemoryChunk,0x252a45580000
delete,MemoryChunk,0x39a8234c0000
delete,MemoryChunk,0x13f3f9900000
delete,MemoryChunk,0x1b9581340000
delete,MemoryChunk,0x3389163c0000
delete,MemoryChunk,0xbd35f400000
delete,MemoryChunk,0xff6ed4c0000
delete,MemoryChunk,0x31a3ca080000
delete,MemoryChunk,0x32558a240000
delete,MemoryChunk,0x1acb9be00000
delete,MemoryChunk,0x1de6fee40000
delete,MemoryChunk,0x10b88c380000
delete,MemoryChunk,0x7a5eb580000
delete,MemoryChunk,0x3d6ab7dc0000
delete,MemoryChunk,0x139fc9080000
delete,MemoryChunk,0x2b5d9dc40000
delete,MemoryChunk,0x396112ac0000
delete,MemoryChunk,0x3911df1c0000
delete,MemoryChunk,0x44406d80000
delete,MemoryChunk,0x1bf7a5a80000
delete,MemoryChunk,0x16ed20600000
delete,MemoryChunk,0xb69f9c80000
delete,MemoryChunk,0x29faece80000
delete,MemoryChunk,0x3f0a58440000
delete,MemoryChunk,0x2b95f3ec0000
delete,MemoryChunk,0x13aa0a3c0000
delete,MemoryChunk,0x3b4f664c0000
delete,MemoryChunk,0x259488380000
delete,MemoryChunk,0x36397ad00000
delete,MemoryChunk,0x253735f40000
delete,MemoryChunk,0x124be9dc0000
delete,MemoryChunk,0x3bd9ff2c0000
delete,MemoryChunk,0x1819835c0000
