[2022-12-03 20:01:29] This is codeql database analyze --download codeql-database ../custom-js-queries/getPropertyName.ql --format=csv --output=unused-var.csv
[2022-12-03 20:01:29] Log file was started late.
[2022-12-03 20:01:29] [DETAILS] database analyze> Downloading queries...
[2022-12-03 20:01:29] Running plumbing command: codeql pack download --format json --qlconfig-file=/Users/litianjian/Documents/GitHub/PPAEG/dataset/qlconfig.yml -- ../custom-js-queries/getPropertyName.ql
[2022-12-03 20:01:29] [PROGRESS] pack download> Package specifications to check for download: ../custom-js-queries/getPropertyName.ql
[2022-12-03 20:01:29] Calling plumbing command: codeql resolve queries --qlconfig-file=/Users/litianjian/Documents/GitHub/PPAEG/dataset/qlconfig.yml --format installedpacks ../custom-js-queries/getPropertyName.ql
[2022-12-03 20:01:29] [PROGRESS] resolve queries> Recording pack reference truthbutcher/custom-js-queries at /Users/litianjian/Documents/GitHub/PPAEG/custom-js-queries.
[2022-12-03 20:01:29] Plumbing command codeql resolve queries completed:
                      {
                        "installedPacks" : [ ]
                      }
[2022-12-03 20:01:29] [PROGRESS] pack download> Did not need to download any packs.
[2022-12-03 20:01:29] Plumbing command codeql pack download completed.
[2022-12-03 20:01:29] [PROGRESS] database analyze> Running queries.
[2022-12-03 20:01:29] Running plumbing command: codeql database run-queries --evaluator-log-level=5 --insecurely-execute-ml-model-checksums= --warnings=show --qlconfig-file=/Users/litianjian/Documents/GitHub/PPAEG/dataset/qlconfig.yml --no-rerun -- /Users/litianjian/Documents/GitHub/PPAEG/dataset/codeql-database ../custom-js-queries/getPropertyName.ql
[2022-12-03 20:01:29] Calling plumbing command: codeql resolve ram --format=json
[2022-12-03 20:01:29] Plumbing command codeql resolve ram completed:
                      [
                        "-J-Xmx1024M",
                        "--off-heap-ram=1024"
                      ]
[2022-12-03 20:01:30] Spawning plumbing command: execute queries -J-Xmx1024M --off-heap-ram=1024 --verbosity=progress --logdir=/Users/litianjian/Documents/GitHub/PPAEG/dataset/codeql-database/log --evaluator-log-level=5 --insecurely-execute-ml-model-checksums= --warnings=show --qlconfig-file=/Users/litianjian/Documents/GitHub/PPAEG/dataset/qlconfig.yml --no-rerun --output=/Users/litianjian/Documents/GitHub/PPAEG/dataset/codeql-database/results -- /Users/litianjian/Documents/GitHub/PPAEG/dataset/codeql-database/db-javascript ../custom-js-queries/getPropertyName.ql
[2022-12-03 20:01:31] Plumbing command codeql execute queries terminated with status 0.
[2022-12-03 20:01:31] Plumbing command codeql database run-queries completed with status 0.
[2022-12-03 20:01:31] [PROGRESS] database analyze> Interpreting results.
[2022-12-03 20:01:31] Running plumbing command: codeql database interpret-results --format=csv -o=/Users/litianjian/Documents/GitHub/PPAEG/dataset/unused-var.csv --max-paths=4 --csv-location-format=line-column --print-diagnostics-summary --print-metrics-summary --qlconfig-file=/Users/litianjian/Documents/GitHub/PPAEG/dataset/qlconfig.yml -- /Users/litianjian/Documents/GitHub/PPAEG/dataset/codeql-database ../custom-js-queries/getPropertyName.ql
[2022-12-03 20:01:31] Calling plumbing command: codeql resolve queries --qlconfig-file=/Users/litianjian/Documents/GitHub/PPAEG/dataset/qlconfig.yml --format=json -- ../custom-js-queries/getPropertyName.ql
[2022-12-03 20:01:31] [PROGRESS] resolve queries> Recording pack reference truthbutcher/custom-js-queries at /Users/litianjian/Documents/GitHub/PPAEG/custom-js-queries.
[2022-12-03 20:01:31] Plumbing command codeql resolve queries completed:
                      [
                        "/Users/litianjian/Documents/GitHub/PPAEG/dataset/../custom-js-queries/getPropertyName.ql"
                      ]
[2022-12-03 20:01:31] [DETAILS] database interpret-results> Scanning for [codeql-pack.yml, qlpack.yml] from /Users/litianjian/Applications/codeql/.codeqlmanifest.json
[2022-12-03 20:01:31] [DETAILS] database interpret-results> Scanning for [codeql-pack.yml, qlpack.yml] from /Users/litianjian/Applications/
[2022-12-03 20:01:31] [DETAILS] database interpret-results> Not scanning from /Users/litianjian/Applications/codeql which is already done.
[2022-12-03 20:01:31] [PROGRESS] database interpret-results> Interpreting /Users/litianjian/Documents/GitHub/PPAEG/dataset/../custom-js-queries/getPropertyName.ql...
[2022-12-03 20:01:31] Calling plumbing command: codeql resolve library-path --query=/Users/litianjian/Documents/GitHub/PPAEG/dataset/../custom-js-queries/getPropertyName.ql --full-library-path=none --dbscheme=none --format=json
[2022-12-03 20:01:31] [DETAILS] resolve library-path> Resolving query at normalized path /Users/litianjian/Documents/GitHub/PPAEG/custom-js-queries/getPropertyName.ql.
[2022-12-03 20:01:31] [DETAILS] resolve library-path> Found enclosing pack 'truthbutcher/custom-js-queries' at /Users/litianjian/Documents/GitHub/PPAEG/custom-js-queries.
[2022-12-03 20:01:31] [DETAILS] resolve library-path> Adding compilation cache at /Users/litianjian/Documents/GitHub/PPAEG/custom-js-queries/.cache.
[2022-12-03 20:01:31] [DETAILS] resolve library-path> Dbscheme was explicitly overridden as /Users/litianjian/Documents/GitHub/PPAEG/dataset/none
[2022-12-03 20:01:31] [DETAILS] resolve library-path> Library path was overridden on command line.
[2022-12-03 20:01:31] Plumbing command codeql resolve library-path completed:
                      {
                        "libraryPath" : [
                          "/Users/litianjian/Documents/GitHub/PPAEG/dataset/none"
                        ],
                        "dbscheme" : "/Users/litianjian/Documents/GitHub/PPAEG/dataset/none",
                        "compilationCache" : [
                          "/Users/litianjian/Documents/GitHub/PPAEG/custom-js-queries/.cache"
                        ],
                        "relativeName" : "truthbutcher/custom-js-queries/getPropertyName.ql",
                        "qlPackName" : "truthbutcher/custom-js-queries"
                      }
[2022-12-03 20:01:31] [DETAILS] database interpret-results>  ... found results file at /Users/litianjian/Documents/GitHub/PPAEG/dataset/codeql-database/results/truthbutcher/custom-js-queries/getPropertyName.bqrs.
[2022-12-03 20:01:31] Exception caught at top level: Could not process query metadata for /Users/litianjian/Documents/GitHub/PPAEG/dataset/../custom-js-queries/getPropertyName.ql.
                      Error was: Expected result pattern(s) are not present for problem query: Expected at least 2 columns. [INVALID_RESULT_PATTERNS]
                      com.semmle.cli2.database.InterpretResultsCommand.executeSubcommand(InterpretResultsCommand.java:173)
                      com.semmle.cli2.picocli.SubcommandCommon.lambda$executeSubcommandWithMessages$2(SubcommandCommon.java:625)
                      com.semmle.cli2.picocli.SubcommandCommon.withCompilationMessages(SubcommandCommon.java:405)
                      com.semmle.cli2.picocli.SubcommandCommon.executeSubcommandWithMessages(SubcommandCommon.java:624)
                      com.semmle.cli2.picocli.PlumbingRunner.run(PlumbingRunner.java:110)
                      com.semmle.cli2.picocli.SubcommandCommon.runPlumbingInProcess(SubcommandCommon.java:188)
                      com.semmle.cli2.database.AnalyzeCommand.executeSubcommand(AnalyzeCommand.java:100)
                      com.semmle.cli2.picocli.SubcommandCommon.lambda$executeSubcommandWithMessages$2(SubcommandCommon.java:625)
                      com.semmle.cli2.picocli.SubcommandCommon.withCompilationMessages(SubcommandCommon.java:405)
                      com.semmle.cli2.picocli.SubcommandCommon.executeSubcommandWithMessages(SubcommandCommon.java:624)
                      com.semmle.cli2.picocli.SubcommandCommon.call(SubcommandCommon.java:561)
                      com.semmle.cli2.picocli.SubcommandMaker.runMain(SubcommandMaker.java:225)
                      com.semmle.cli2.picocli.SubcommandMaker.runMain(SubcommandMaker.java:234)
                      com.semmle.cli2.CodeQL.main(CodeQL.java:100)
