[2022-12-03 20:03:39] This is codeql execute queries -J-Xmx1024M --off-heap-ram=1024 --verbosity=progress --logdir=/Users/litianjian/Documents/GitHub/PPAEG/dataset/codeql-database/log --evaluator-log-level=5 --insecurely-execute-ml-model-checksums= --warnings=show --qlconfig-file=/Users/litianjian/Documents/GitHub/PPAEG/dataset/qlconfig.yml --rerun --output=/Users/litianjian/Documents/GitHub/PPAEG/dataset/codeql-database/results -- /Users/litianjian/Documents/GitHub/PPAEG/dataset/codeql-database/db-javascript ../custom-js-queries/getPropertyName.ql
[2022-12-03 20:03:39] Calling plumbing command: codeql resolve queries --qlconfig-file=/Users/litianjian/Documents/GitHub/PPAEG/dataset/qlconfig.yml --format=json -- ../custom-js-queries/getPropertyName.ql
[2022-12-03 20:03:39] [PROGRESS] resolve queries> Recording pack reference truthbutcher/custom-js-queries at /Users/litianjian/Documents/GitHub/PPAEG/custom-js-queries.
[2022-12-03 20:03:40] Plumbing command codeql resolve queries completed:
                      [
                        "/Users/litianjian/Documents/GitHub/PPAEG/dataset/../custom-js-queries/getPropertyName.ql"
                      ]
[2022-12-03 20:03:40] Creating executor with 1 threads.
[2022-12-03 20:03:40] Calling plumbing command: codeql resolve extensions --qlconfig-file=/Users/litianjian/Documents/GitHub/PPAEG/dataset/qlconfig.yml --insecurely-execute-ml-model-checksums= ../custom-js-queries/getPropertyName.ql
[2022-12-03 20:03:40] Calling plumbing command: codeql resolve queries --qlconfig-file=/Users/litianjian/Documents/GitHub/PPAEG/dataset/qlconfig.yml --format startingpacks -- ../custom-js-queries/getPropertyName.ql
[2022-12-03 20:03:40] [PROGRESS] resolve queries> Recording pack reference truthbutcher/custom-js-queries at /Users/litianjian/Documents/GitHub/PPAEG/custom-js-queries.
[2022-12-03 20:03:40] Plumbing command codeql resolve queries completed:
                      [
                        "/Users/litianjian/Documents/GitHub/PPAEG/custom-js-queries"
                      ]
[2022-12-03 20:03:40] Plumbing command codeql resolve extensions completed:
                      {
                        "models" : [ ],
                        "data" : { }
                      }
[2022-12-03 20:03:40] [DETAILS] execute queries> Did not find any ML models.
[2022-12-03 20:03:40] [SPAMMIER] execute queries> Data extensions for query 'getPropertyName.ql' in 'truthbutcher/custom-js-queries':
                      {}
[2022-12-03 20:03:40] Calling plumbing command: codeql resolve library-path --qlconfig-file=/Users/litianjian/Documents/GitHub/PPAEG/dataset/qlconfig.yml --query=/Users/litianjian/Documents/GitHub/PPAEG/dataset/../custom-js-queries/getPropertyName.ql --format=json
[2022-12-03 20:03:40] [DETAILS] resolve library-path> Resolving query at normalized path /Users/litianjian/Documents/GitHub/PPAEG/custom-js-queries/getPropertyName.ql.
[2022-12-03 20:03:40] [DETAILS] resolve library-path> Found enclosing pack 'truthbutcher/custom-js-queries' at /Users/litianjian/Documents/GitHub/PPAEG/custom-js-queries.
[2022-12-03 20:03:40] [DETAILS] resolve library-path> Adding compilation cache at /Users/litianjian/Documents/GitHub/PPAEG/custom-js-queries/.cache.
[2022-12-03 20:03:40] [DETAILS] resolve library-path> Resolving library dependencies from /Users/litianjian/Documents/GitHub/PPAEG/custom-js-queries/qlpack.yml.
[2022-12-03 20:03:40] [DETAILS] resolve library-path> QL pack dependencies for /Users/litianjian/Documents/GitHub/PPAEG/custom-js-queries resolved OK.
[2022-12-03 20:03:40] [DETAILS] resolve library-path> Found dbscheme through QL packs: /Users/litianjian/.codeql/packages/codeql/javascript-all/0.3.4/semmlecode.javascript.dbscheme.
[2022-12-03 20:03:40] Plumbing command codeql resolve library-path completed:
                      {
                        "libraryPath" : [
                          "/Users/litianjian/Documents/GitHub/PPAEG/custom-js-queries",
                          "/Users/litianjian/.codeql/packages/codeql/javascript-all/0.3.4",
                          "/Users/litianjian/.codeql/packages/codeql/suite-helpers/0.1.0",
                          "/Users/litianjian/.codeql/packages/codeql/typos/0.0.5"
                        ],
                        "dbscheme" : "/Users/litianjian/.codeql/packages/codeql/javascript-all/0.3.4/semmlecode.javascript.dbscheme",
                        "compilationCache" : [
                          "/Users/litianjian/Documents/GitHub/PPAEG/custom-js-queries/.cache"
                        ],
                        "relativeName" : "truthbutcher/custom-js-queries/getPropertyName.ql",
                        "qlPackName" : "truthbutcher/custom-js-queries"
                      }
[2022-12-03 20:03:40] [PROGRESS] execute queries> Compiling query plan for /Users/litianjian/Documents/GitHub/PPAEG/dataset/../custom-js-queries/getPropertyName.ql.
[2022-12-03 20:03:40] [DETAILS] execute queries> Resolving imports for /Users/litianjian/Documents/GitHub/PPAEG/dataset/../custom-js-queries/getPropertyName.ql.
[2022-12-03 20:03:41] Resolved file set for /Users/litianjian/Documents/GitHub/PPAEG/dataset/../custom-js-queries/getPropertyName.ql hashes to 8edd7bdddf20da90cd5ca59852dc35ddce3ce52c.
[2022-12-03 20:03:41] [DETAILS] execute queries> Checking QL for /Users/litianjian/Documents/GitHub/PPAEG/dataset/../custom-js-queries/getPropertyName.ql.
[2022-12-03 20:03:41] ExternalModuleBindingPass ...
[2022-12-03 20:03:43] ExternalModuleBindingPass time: 00:01.820
[2022-12-03 20:03:43] QLPredicateSynthesiser ...
[2022-12-03 20:03:43] QLPredicateSynthesiser time: 00:00.020
[2022-12-03 20:03:43] DeclarationBindingPass ...
[2022-12-03 20:03:43] DeclarationBindingPass time: 00:00.089
[2022-12-03 20:03:43] Fixed point time ...
[2022-12-03 20:03:44] Fixed point time time: 00:00.608
[2022-12-03 20:03:44] ReferenceBindingPass ...
[2022-12-03 20:03:44] ReferenceBindingPass time: 00:00.076
[2022-12-03 20:03:44] PopulateInstantiationMapPass ...
[2022-12-03 20:03:44] PopulateInstantiationMapPass time: 00:00.027
[2022-12-03 20:03:44] ReferenceBindingCheck ...
[2022-12-03 20:03:44] ReferenceBindingCheck time: 00:00.115
[2022-12-03 20:03:44] PredicateBodyBindingPass ...
[2022-12-03 20:03:45] PredicateBodyBindingPass time: 00:00.836
[2022-12-03 20:03:45] LanguagePragmaPropagationPass ...
[2022-12-03 20:03:45] LanguagePragmaPropagationPass time: 00:00.034
[2022-12-03 20:03:45] Ambiguity checks ...
[2022-12-03 20:03:45] Ambiguity checks time: 00:00.386
[2022-12-03 20:03:45] Ql checks ...
[2022-12-03 20:03:47] Ql checks time: 00:01.661
[2022-12-03 20:03:49] Compilation pipeline
[2022-12-03 20:03:49] Type Inference ...
[2022-12-03 20:03:50] CSV_TYPE_HIERARCHY: Best number of iterations,Maximum number of runs,Number of BDD variables,Size of BDD for typefacts
[2022-12-03 20:03:50] CSV_TYPE_HIERARCHY: 0,0,1,1
[2022-12-03 20:03:50] CSV_TYPE_HIERARCHY: 0,0,0,0
[2022-12-03 20:03:50] CSV_TYPE_HIERARCHY: 0,0,113,134
[2022-12-03 20:03:50] CSV_TYPE_HIERARCHY: 0,0,1,1
[2022-12-03 20:03:50] CSV_TYPE_HIERARCHY: 0,0,0,0
[2022-12-03 20:03:50] CSV_TYPE_HIERARCHY: 0,0,709,3199
[2022-12-03 20:03:50] CSV_TYPE_HIERARCHY: 0,0,880,6858
[2022-12-03 20:03:50] CSV_TYPE_HIERARCHY: 0,0,9,9
[2022-12-03 20:03:50] CSV_TYPE_HIERARCHY: 0,0,2,2
[2022-12-03 20:03:50] CSV_TYPE_HIERARCHY: 0,0,2,2
[2022-12-03 20:03:50] CSV_TYPE_HIERARCHY: 0,0,2,2
[2022-12-03 20:03:50] CSV_TYPE_HIERARCHY: 0,0,2,2
[2022-12-03 20:03:50] CSV_TYPE_HIERARCHY: 0,0,26,26
[2022-12-03 20:03:50] CSV_TYPE_HIERARCHY: 0,0,4,4
[2022-12-03 20:03:50] CSV_TYPE_HIERARCHY: 0,0,12,12
[2022-12-03 20:03:50] CSV_TYPE_HIERARCHY: 0,0,2,2
[2022-12-03 20:03:50] CSV_TYPE_HIERARCHY: 0,0,1,1
[2022-12-03 20:03:50] CSV_TYPE_HIERARCHY: 0,0,12,15
[2022-12-03 20:03:50] CSV_TYPE_HIERARCHY: 0,0,4,4
[2022-12-03 20:03:50] CSV_TYPE_HIERARCHY: 0,0,2,2
[2022-12-03 20:03:50] CSV_TYPE_HIERARCHY: 0,0,6,7
[2022-12-03 20:03:50] CSV_TYPE_HIERARCHY: 0,0,2,2
[2022-12-03 20:03:50] CSV_TYPE_HIERARCHY: 0,0,8,8
[2022-12-03 20:03:51] CSV_TYPE_HIERARCHY: 0,0,20,28
[2022-12-03 20:03:51] CSV_TYPE_HIERARCHY: 0,0,2,2
[2022-12-03 20:03:51] CSV_TYPE_HIERARCHY: 0,0,18,18
[2022-12-03 20:03:51] CSV_TYPE_HIERARCHY: 0,0,10,10
[2022-12-03 20:03:51] CSV_TYPE_HIERARCHY: 0,0,11,11
[2022-12-03 20:03:51] CSV_TYPE_HIERARCHY: 0,0,2,2
[2022-12-03 20:03:51] CSV_TYPE_HIERARCHY: 0,0,4,4
[2022-12-03 20:03:51] CSV_TYPE_HIERARCHY: 0,0,2,2
[2022-12-03 20:03:51] CSV_TYPE_HIERARCHY: 0,0,2,2
[2022-12-03 20:03:51] CSV_TYPE_HIERARCHY: 0,0,17,19
[2022-12-03 20:03:51] CSV_TYPE_HIERARCHY: 0,0,6,6
[2022-12-03 20:03:51] CSV_TYPE_HIERARCHY: 0,0,2,2
[2022-12-03 20:03:51] CSV_TYPE_HIERARCHY: 0,0,4,4
[2022-12-03 20:03:51] CSV_TYPE_HIERARCHY: 0,0,2,2
[2022-12-03 20:03:51] CSV_TYPE_HIERARCHY: 0,0,7,10
[2022-12-03 20:03:51] CSV_TYPE_HIERARCHY: 0,0,6,6
[2022-12-03 20:03:51] CSV_TYPE_HIERARCHY: 0,0,6,7
[2022-12-03 20:03:51] CSV_TYPE_HIERARCHY: 0,0,3,3
[2022-12-03 20:03:53] Type Inference time: 00:03.568
[2022-12-03 20:03:54] [WARN] execute queries> WARNING: Unused variable method_call (/Users/litianjian/Documents/GitHub/PPAEG/custom-js-queries/getPropertyName.ql:28,69-80)
[2022-12-03 20:03:54] [WARN] execute queries> WARNING: A problem query must define the @severity property. (/Users/litianjian/Documents/GitHub/PPAEG/custom-js-queries/getPropertyName.ql:1,1-32,1)
[2022-12-03 20:03:54] [DETAILS] execute queries> Optimizing /Users/litianjian/Documents/GitHub/PPAEG/dataset/../custom-js-queries/getPropertyName.ql.
[2022-12-03 20:03:54] Processing compilation pipeline
[2022-12-03 20:03:54] Started compiling a query
[2022-12-03 20:03:54] Initialising compiler...
[2022-12-03 20:03:54] 	 ... compiler initialised
[2022-12-03 20:03:54] About to start query optimisation
[2022-12-03 20:03:54] Compilation cache hit - skipping compilation.
[2022-12-03 20:03:54] Compilation cache miss for c28ab38df92870fc7b55c463943fad2ab4e3e790.
[2022-12-03 20:03:55] Stored compiled program for c28ab38df92870fc7b55c463943fad2ab4e3e790.
[2022-12-03 20:03:55] CSV_COMPILATION: NONE,MISC,RA_TRANSLATION,OPTIMISATIONS
[2022-12-03 20:03:55] CSV_COMPILATION: 76,264,133,638
[2022-12-03 20:03:55] [SPAMMY] execute queries> No database upgrade/downgrade needed for /Users/litianjian/Documents/GitHub/PPAEG/dataset/../custom-js-queries/getPropertyName.ql
[2022-12-03 20:03:55] [PROGRESS] execute queries> [1/1 comp 14.8s] Compiled /Users/litianjian/Documents/GitHub/PPAEG/dataset/../custom-js-queries/getPropertyName.ql.
[2022-12-03 20:03:55] [PROGRESS] execute queries> Starting evaluation of truthbutcher/custom-js-queries/getPropertyName.ql.
[2022-12-03 20:03:55] Starting evaluation of /Users/litianjian/Documents/GitHub/PPAEG/dataset/../custom-js-queries/getPropertyName.ql
[2022-12-03 20:03:55] (0s) Start query execution
[2022-12-03 20:03:55] (0s) Beginning execution of getPropertyName.ql
[2022-12-03 20:03:55] (0s)  >>> Created relation files/2@bfcf0c84 with 112 rows.
[2022-12-03 20:03:55] (0s)  >>> Created relation locations_default/6@8c8d0fsu with 189055 rows.
[2022-12-03 20:03:55] (0s)  >>> Created relation exprs/5@9d9c36qo with 60670 rows.
[2022-12-03 20:03:55] (0s) Starting to evaluate predicate exprs_10#join_rhs/2@bfc31eag
[2022-12-03 20:03:55] (0s)  >>> Created relation exprs_10#join_rhs/2@bfc31eag with 60670 rows.
[2022-12-03 20:03:55] (0s) Starting to evaluate predicate Expr#92cb915f::PropAccess#f/1@b1bf74lu
[2022-12-03 20:03:55] (0s)  >>> Created relation Expr#92cb915f::PropAccess#f/1@b1bf74lu with 18441 rows.
[2022-12-03 20:03:55] (0s) Starting to evaluate predicate Expr#92cb915f::InvokeExpr#f/1@047fd4i1
[2022-12-03 20:03:55] (0s)  >>> Created relation Expr#92cb915f::InvokeExpr#f/1@047fd4i1 with 39 rows.
[2022-12-03 20:03:55] (0s) Starting to evaluate predicate exprs_230#join_rhs/3@e7f558k1
[2022-12-03 20:03:55] (0s)  >>> Created relation exprs_230#join_rhs/3@e7f558k1 with 60670 rows.
[2022-12-03 20:03:55] (0s) Starting to evaluate predicate Expr#92cb915f::InvokeExpr::getCallee#0#dispred#ff/2@48ffd8hr
[2022-12-03 20:03:55] (0s)  >>> Created relation Expr#92cb915f::InvokeExpr::getCallee#0#dispred#ff/2@48ffd8hr with 39 rows.
[2022-12-03 20:03:55] (0s) Starting to evaluate predicate Expr#92cb915f::InvokeExpr::getCallee#0#dispred#ff_10#join_rhs/2@4914059o
[2022-12-03 20:03:55] (0s)  >>> Created relation Expr#92cb915f::InvokeExpr::getCallee#0#dispred#ff_10#join_rhs/2@4914059o with 39 rows.
[2022-12-03 20:03:55] (0s) Starting to evaluate predicate exprs_032#join_rhs/3@f25a8cl2
[2022-12-03 20:03:55] (0s)  >>> Created relation exprs_032#join_rhs/3@f25a8cl2 with 60670 rows.
[2022-12-03 20:03:55] (0s) Starting to evaluate predicate _exprs_10#join_rhs#antijoin_rhs#4/1@d248da49
[2022-12-03 20:03:55] (0s)  >>> Created relation _exprs_10#join_rhs#antijoin_rhs#4/1@d248da49 with 0 rows.
[2022-12-03 20:03:55] (0s) Starting to evaluate predicate Expr#92cb915f::Expr::stripParens#0#dispred#bf/2@i1#6b299y0v (iteration 1)
[2022-12-03 20:03:55] (0s) Empty delta for Expr#92cb915f::Expr::stripParens#0#dispred#bf_delta (order for disjuncts: delta=<standard>).
[2022-12-03 20:03:55] (0s) Starting to evaluate predicate Expr#92cb915f::MethodCallExpr#f/1@i1#6b299x0v (iteration 1)
[2022-12-03 20:03:55] (0s) Empty delta for Expr#92cb915f::MethodCallExpr#f_delta (order for disjuncts: delta=<standard>).
[2022-12-03 20:03:55] (0s) Starting to evaluate predicate m#Expr#92cb915f::Expr::stripParens#0#dispred#bf/1@i1#6b299w0v (iteration 1)
[2022-12-03 20:03:55] (0s) 			 - m#Expr#92cb915f::Expr::stripParens#0#dispred#bf_delta has 39 rows (order for disjuncts: delta=<standard>).
[2022-12-03 20:03:55] (0s) Starting to evaluate predicate _exprs_m#Expr#92cb915f::Expr::stripParens#0#dispred#bf#prev_delta#shared/2@i2#L1#6b299w0v (iteration 2)
[2022-12-03 20:03:55] (0s) Starting to evaluate predicate Expr#92cb915f::Expr::stripParens#0#dispred#bf/2@i2#6b299y0v (iteration 2)
[2022-12-03 20:03:55] (0s) 			 - Expr#92cb915f::Expr::stripParens#0#dispred#bf_delta has 39 rows (order for disjuncts: delta=500000).
[2022-12-03 20:03:55] (0s) Empty delta for Expr#92cb915f::MethodCallExpr#f_delta (order for disjuncts: delta=<standard>).
[2022-12-03 20:03:55] (0s) Starting to evaluate predicate m#Expr#92cb915f::Expr::stripParens#0#dispred#bf/1@i2#6b299w0v (iteration 2)
[2022-12-03 20:03:55] (0s) Empty delta for m#Expr#92cb915f::Expr::stripParens#0#dispred#bf_delta (order for disjuncts: delta=500000).
[2022-12-03 20:03:55] (0s) Starting to evaluate predicate _exprs_m#Expr#92cb915f::Expr::stripParens#0#dispred#bf#prev_delta#shared/2@i3#L1#6b299w0v (iteration 3)
[2022-12-03 20:03:55] (0s) Starting to evaluate predicate Expr#92cb915f::Expr::stripParens#0#dispred#bf/2@i3#6b299y0v (iteration 3)
[2022-12-03 20:03:55] (0s) Empty delta for Expr#92cb915f::Expr::stripParens#0#dispred#bf_delta (order for disjuncts: delta=500000).
[2022-12-03 20:03:55] (0s) Starting to evaluate predicate Expr#92cb915f::MethodCallExpr#f/1@i3#6b299x0v (iteration 3)
[2022-12-03 20:03:55] (0s) 			 - Expr#92cb915f::MethodCallExpr#f_delta has 13 rows (order for disjuncts: delta=500000).
[2022-12-03 20:03:55] (0s) Empty delta for m#Expr#92cb915f::Expr::stripParens#0#dispred#bf_delta (order for disjuncts: delta=500000).
[2022-12-03 20:03:55] (0s) Starting to evaluate predicate _exprs_m#Expr#92cb915f::Expr::stripParens#0#dispred#bf#prev_delta#shared/2@i4#L1#6b299w0v (iteration 4)
[2022-12-03 20:03:55] (0s) Empty delta for Expr#92cb915f::Expr::stripParens#0#dispred#bf_delta (order for disjuncts: delta=500000).
[2022-12-03 20:03:55] (0s) Empty delta for Expr#92cb915f::MethodCallExpr#f_delta (order for disjuncts: delta=500000).
[2022-12-03 20:03:55] (0s) Starting to evaluate predicate m#Expr#92cb915f::Expr::stripParens#0#dispred#bf/1@i4#6b299w0v (iteration 4)
[2022-12-03 20:03:55] (0s) Empty delta for m#Expr#92cb915f::Expr::stripParens#0#dispred#bf_delta (order for disjuncts: delta=500000).
[2022-12-03 20:03:55] (0s) Accumulating deltas
[2022-12-03 20:03:55] (0s)  >>> Created relation m#Expr#92cb915f::Expr::stripParens#0#dispred#bf/1@6b299w0v with 39 rows.
[2022-12-03 20:03:55] (0s)  >>> Created relation Expr#92cb915f::MethodCallExpr#f/1@6b299x0v with 13 rows.
[2022-12-03 20:03:55] (0s)  >>> Created relation Expr#92cb915f::Expr::stripParens#0#dispred#bf/2@6b299y0v with 39 rows.
[2022-12-03 20:03:55] (0s) Starting to evaluate predicate m#AST#4fc16b88::AstNode::getFile#0#dispred#bf/1@65a176f9
[2022-12-03 20:03:55] (0s)  >>> Created relation m#AST#4fc16b88::AstNode::getFile#0#dispred#bf/1@65a176f9 with 18454 rows.
[2022-12-03 20:03:55] (0s)  >>> Created relation hasLocation/2@b3afe5l6 with 233332 rows.
[2022-12-03 20:03:55] (0s)  >>> Created relation typeexprs/5@f3a8eevg with 0 rows.
[2022-12-03 20:03:55] (0s) Inferred that typeexprs_0#antijoin_rhs/1@1f8af8lb is empty, due to typeexprs/5@f3a8eevg.
[2022-12-03 20:03:55] (0s) Inferred that typeexprs_10#join_rhs/2@aa306aso is empty, due to typeexprs/5@f3a8eevg.
[2022-12-03 20:03:55] (0s)  >>> Created relation typeexprs_0#antijoin_rhs/1@1f8af8lb with 0 rows.
[2022-12-03 20:03:55] (0s)  >>> Created relation typeexprs_10#join_rhs/2@aa306aso with 0 rows.
[2022-12-03 20:03:55] (0s)  >>> Created relation properties/5@f7365fva with 86 rows.
[2022-12-03 20:03:55] (0s)  >>> Created relation toplevels/2@14954abb with 112 rows.
[2022-12-03 20:03:55] (0s)  >>> Created relation stmts/5@1ea999sl with 14066 rows.
[2022-12-03 20:03:55] (0s) Starting to evaluate predicate exprs_0#antijoin_rhs/1@9c0aa44j
[2022-12-03 20:03:55] (0s)  >>> Created relation exprs_0#antijoin_rhs/1@9c0aa44j with 60670 rows.
[2022-12-03 20:03:55] (0s) Starting to evaluate predicate AST#4fc16b88::AstNode#b/1@7aa35353
[2022-12-03 20:03:56] (0s)  >>> Created relation AST#4fc16b88::AstNode#b/1@7aa35353 with 74934 rows.
[2022-12-03 20:03:56] (0s) Starting to evaluate predicate AST#4fc16b88::AstNode::getLocation#0#dispred#bf/2@c36c3e25
[2022-12-03 20:03:56] (0s)  >>> Created relation AST#4fc16b88::AstNode::getLocation#0#dispred#bf/2@c36c3e25 with 74934 rows.
[2022-12-03 20:03:56] (0s) Starting to evaluate predicate AST#4fc16b88::AstNode::getFile#0#dispred#bf/2@f7d06cfr
[2022-12-03 20:03:56] (0s)  >>> Created relation AST#4fc16b88::AstNode::getFile#0#dispred#bf/2@f7d06cfr with 18454 rows.
[2022-12-03 20:03:56] (0s) Starting to evaluate predicate getPropertyName#8261c31c::MethodCallExprUnderSrcPath#f/1@ae29d4bg
[2022-12-03 20:03:56] (0s)  >>> Created relation getPropertyName#8261c31c::MethodCallExprUnderSrcPath#f/1@ae29d4bg with 11 rows.
[2022-12-03 20:03:56] (0s) Starting to evaluate predicate getPropertyName#8261c31c::MethodCallExprUnderSrcPath#f#nonempty/0@2484621k
[2022-12-03 20:03:56] (0s)  >>> Created relation getPropertyName#8261c31c::MethodCallExprUnderSrcPath#f#nonempty/0@2484621k with 1 rows.
[2022-12-03 20:03:56] (0s)  >>> Created relation literals/3@40f5a52j with 34746 rows.
[2022-12-03 20:03:56] (0s) Starting to evaluate predicate literals_20#join_rhs/2@7fc91843
[2022-12-03 20:03:56] (0s)  >>> Created relation literals_20#join_rhs/2@7fc91843 with 34746 rows.
[2022-12-03 20:03:56] (0s) Starting to evaluate predicate @literal#b/1@f8dd26ve
[2022-12-03 20:03:56] (0s)  >>> Created relation @literal#b/1@f8dd26ve with 0 rows.
[2022-12-03 20:03:56] (0s) Starting to evaluate predicate Expr#92cb915f::Identifier#b/1@ca63d6t2
[2022-12-03 20:03:56] (0s)  >>> Created relation Expr#92cb915f::Identifier#b/1@ca63d6t2 with 18435 rows.
[2022-12-03 20:03:56] (0s) Starting to evaluate predicate Expr#92cb915f::PropAccess::getPropertyName#0#dispred#ff/2@00ad968m
[2022-12-03 20:03:56] (0s)  >>> Created relation Expr#92cb915f::PropAccess::getPropertyName#0#dispred#ff/2@00ad968m with 18435 rows.
[2022-12-03 20:03:56] (0s) Starting to evaluate predicate Expr#92cb915f::PropAccess::getPropertyName#0#dispred#ff_10#join_rhs/2@d277df07
[2022-12-03 20:03:56] (0s)  >>> Created relation Expr#92cb915f::PropAccess::getPropertyName#0#dispred#ff_10#join_rhs/2@d277df07 with 18435 rows.
[2022-12-03 20:03:56] (0s) Starting to evaluate predicate Expr#92cb915f::MethodCallExpr::getMethodRef#0#dispred#ff/2@f0e46e19
[2022-12-03 20:03:56] (0s)  >>> Created relation Expr#92cb915f::MethodCallExpr::getMethodRef#0#dispred#ff/2@f0e46e19 with 13 rows.
[2022-12-03 20:03:56] (0s) Starting to evaluate predicate Expr#92cb915f::MethodCallExpr::getMethodRef#0#dispred#ff_10#join_rhs/2@1053ccj4
[2022-12-03 20:03:56] (0s)  >>> Created relation Expr#92cb915f::MethodCallExpr::getMethodRef#0#dispred#ff_10#join_rhs/2@1053ccj4 with 13 rows.
[2022-12-03 20:03:56] (0s) Starting to evaluate predicate Expr#92cb915f::PropAccess::getBase#0#dispred#ff/2@45dbf3ki
[2022-12-03 20:03:56] (0s)  >>> Created relation Expr#92cb915f::PropAccess::getBase#0#dispred#ff/2@45dbf3ki with 18441 rows.
[2022-12-03 20:03:56] (0s) Starting to evaluate predicate Expr#92cb915f::MethodCallExpr::getReceiver#0#dispred#ff/2@6a8c67mu
[2022-12-03 20:03:56] (0s)  >>> Created relation Expr#92cb915f::MethodCallExpr::getReceiver#0#dispred#ff/2@6a8c67mu with 13 rows.
[2022-12-03 20:03:56] (0s) Starting to evaluate predicate exprs_04#join_rhs/2@30dfedgl
[2022-12-03 20:03:56] (0s)  >>> Created relation exprs_04#join_rhs/2@30dfedgl with 60670 rows.
[2022-12-03 20:03:56] (0s) Starting to evaluate predicate _Expr#92cb915f::MethodCallExpr::getMethodRef#0#dispred#ff_10#join_rhs_Expr#92cb915f::MethodCallExpr:__#antijoin_rhs/1@f7e8e8s4
[2022-12-03 20:03:57] (1s)  >>> Created relation _Expr#92cb915f::MethodCallExpr::getMethodRef#0#dispred#ff_10#join_rhs_Expr#92cb915f::MethodCallExpr:__#antijoin_rhs/1@f7e8e8s4 with 11 rows.
[2022-12-03 20:03:57] (1s) Starting to evaluate predicate getPropertyName#8261c31c::notMethodCall#1#f/1@38d526jd
[2022-12-03 20:03:57] (1s)  >>> Created relation getPropertyName#8261c31c::notMethodCall#1#f/1@38d526jd with 18430 rows.
[2022-12-03 20:03:57] (1s) Starting to evaluate predicate getPropertyName#8261c31c::PropAccessUnderSrcPath#f/1@305f7bam
[2022-12-03 20:03:57] (2s)  >>> Created relation getPropertyName#8261c31c::PropAccessUnderSrcPath#f/1@305f7bam with 30 rows.
[2022-12-03 20:03:57] (2s) Starting to evaluate predicate #select#ff/2@5d30f86m
[2022-12-03 20:03:57] (2s)  >>> Created relation #select#ff/2@5d30f86m with 19 rows.
[2022-12-03 20:03:57] (2s) Starting to evaluate predicate _#select#ff_exprs_exprs_0#antijoin_rhs#shared/3@3adc107s
[2022-12-03 20:03:57] (2s)  >>> Created relation _#select#ff_exprs_exprs_0#antijoin_rhs#shared/3@3adc107s with 19 rows.
[2022-12-03 20:03:57] (2s) Starting to evaluate predicate project##select#ff/1@9d2eeas5
[2022-12-03 20:03:57] (2s)  >>> Created relation project##select#ff/1@9d2eeas5 with 19 rows.
[2022-12-03 20:03:57] (2s) Starting to evaluate predicate Locations#c853d51f::Location::hasLocationInfo#5#dispred#bfffff/6@67d69cj7
[2022-12-03 20:03:57] (2s)  >>> Created relation Locations#c853d51f::Location::hasLocationInfo#5#dispred#bfffff/6@67d69cj7 with 19 rows.
[2022-12-03 20:03:57] (2s) Starting to evaluate predicate _AST#4fc16b88::AstNode::getLocation#0#dispred#bf__#select#ff_exprs_exprs_0#antijoin_rhs#shared#shared/4@a15669lu
[2022-12-03 20:03:57] (2s)  >>> Created relation _AST#4fc16b88::AstNode::getLocation#0#dispred#bf__#select#ff_exprs_exprs_0#antijoin_rhs#shared#shared/4@a15669lu with 19 rows.
[2022-12-03 20:03:57] (2s) Starting to evaluate predicate _Locations#c853d51f::Location::hasLocationInfo#5#dispred#bfffff__AST#4fc16b88::AstNode::getLocation#__#antijoin_rhs/3@73bf10e1
[2022-12-03 20:03:57] (2s)  >>> Created relation _Locations#c853d51f::Location::hasLocationInfo#5#dispred#bfffff__AST#4fc16b88::AstNode::getLocation#__#antijoin_rhs/3@73bf10e1 with 19 rows.
[2022-12-03 20:03:57] (2s) Starting to evaluate predicate #select#query#ffffffff/8@b1e8ebkc
[2022-12-03 20:03:57] (2s)  >>> Created relation #select#query#ffffffff/8@b1e8ebkc with 19 rows.
[2022-12-03 20:03:57] (2s) Query done
[2022-12-03 20:03:57] (2s) Sequence stamp origin is -6380793165401613807
[2022-12-03 20:03:57] (2s) Pausing evaluation to sync to disk at sequence stamp o+0
[2022-12-03 20:03:57] (2s) Unpausing evaluation
[2022-12-03 20:03:57] Evaluation of /Users/litianjian/Documents/GitHub/PPAEG/dataset/../custom-js-queries/getPropertyName.ql produced BQRS results.
[2022-12-03 20:03:57] [PROGRESS] execute queries> [1/1 eval 2.1s] Evaluation done; writing results to truthbutcher/custom-js-queries/getPropertyName.bqrs.
[2022-12-03 20:03:57] [PROGRESS] execute queries> Shutting down query evaluator.
[2022-12-03 20:03:57] Pausing evaluation to close the cache at sequence stamp o+1
[2022-12-03 20:03:57] The disk cache is freshly trimmed; leave it be.
[2022-12-03 20:03:57] Unpausing evaluation
[2022-12-03 20:03:57] Terminating normally.
