[2022-12-03 16:20:39] This is codeql execute queries -J-Xmx1024M --off-heap-ram=1024 --verbosity=progress --logdir=/Users/litianjian/Documents/GitHub/PPAEG/dataset/codeql-database/log --evaluator-log-level=5 --insecurely-execute-ml-model-checksums= --warnings=show --qlconfig-file=/Users/litianjian/Documents/GitHub/PPAEG/dataset/qlconfig.yml --no-rerun --output=/Users/litianjian/Documents/GitHub/PPAEG/dataset/codeql-database/results -- /Users/litianjian/Documents/GitHub/PPAEG/dataset/codeql-database/db-javascript ../custom-js-queries/FindUndefinedProperties.ql
[2022-12-03 16:20:39] Calling plumbing command: codeql resolve queries --qlconfig-file=/Users/litianjian/Documents/GitHub/PPAEG/dataset/qlconfig.yml --format=json -- ../custom-js-queries/FindUndefinedProperties.ql
[2022-12-03 16:20:39] [PROGRESS] resolve queries> Recording pack reference truthbutcher/custom-js-queries at /Users/litianjian/Documents/GitHub/PPAEG/custom-js-queries.
[2022-12-03 16:20:39] Plumbing command codeql resolve queries completed:
                      [
                        "/Users/litianjian/Documents/GitHub/PPAEG/dataset/../custom-js-queries/FindUndefinedProperties.ql"
                      ]
[2022-12-03 16:20:39] Creating executor with 1 threads.
[2022-12-03 16:20:39] Calling plumbing command: codeql resolve extensions --qlconfig-file=/Users/litianjian/Documents/GitHub/PPAEG/dataset/qlconfig.yml --insecurely-execute-ml-model-checksums= ../custom-js-queries/FindUndefinedProperties.ql
[2022-12-03 16:20:39] Calling plumbing command: codeql resolve queries --qlconfig-file=/Users/litianjian/Documents/GitHub/PPAEG/dataset/qlconfig.yml --format startingpacks -- ../custom-js-queries/FindUndefinedProperties.ql
[2022-12-03 16:20:39] [PROGRESS] resolve queries> Recording pack reference truthbutcher/custom-js-queries at /Users/litianjian/Documents/GitHub/PPAEG/custom-js-queries.
[2022-12-03 16:20:39] Plumbing command codeql resolve queries completed:
                      [
                        "/Users/litianjian/Documents/GitHub/PPAEG/custom-js-queries"
                      ]
[2022-12-03 16:20:40] Plumbing command codeql resolve extensions completed:
                      {
                        "models" : [ ],
                        "data" : { }
                      }
[2022-12-03 16:20:40] [DETAILS] execute queries> Did not find any ML models.
[2022-12-03 16:20:40] [SPAMMIER] execute queries> Data extensions for query 'FindUndefinedProperties.ql' in 'truthbutcher/custom-js-queries':
                      {}
[2022-12-03 16:20:40] Calling plumbing command: codeql resolve library-path --qlconfig-file=/Users/litianjian/Documents/GitHub/PPAEG/dataset/qlconfig.yml --query=/Users/litianjian/Documents/GitHub/PPAEG/dataset/../custom-js-queries/FindUndefinedProperties.ql --format=json
[2022-12-03 16:20:40] [DETAILS] resolve library-path> Resolving query at normalized path /Users/litianjian/Documents/GitHub/PPAEG/custom-js-queries/FindUndefinedProperties.ql.
[2022-12-03 16:20:40] [DETAILS] resolve library-path> Found enclosing pack 'truthbutcher/custom-js-queries' at /Users/litianjian/Documents/GitHub/PPAEG/custom-js-queries.
[2022-12-03 16:20:40] [DETAILS] resolve library-path> Adding compilation cache at /Users/litianjian/Documents/GitHub/PPAEG/custom-js-queries/.cache.
[2022-12-03 16:20:40] [DETAILS] resolve library-path> Resolving library dependencies from /Users/litianjian/Documents/GitHub/PPAEG/custom-js-queries/qlpack.yml.
[2022-12-03 16:20:40] [DETAILS] resolve library-path> QL pack dependencies for /Users/litianjian/Documents/GitHub/PPAEG/custom-js-queries resolved OK.
[2022-12-03 16:20:40] [DETAILS] resolve library-path> Found dbscheme through QL packs: /Users/litianjian/.codeql/packages/codeql/javascript-all/0.3.4/semmlecode.javascript.dbscheme.
[2022-12-03 16:20:40] Plumbing command codeql resolve library-path completed:
                      {
                        "libraryPath" : [
                          "/Users/litianjian/Documents/GitHub/PPAEG/custom-js-queries",
                          "/Users/litianjian/.codeql/packages/codeql/javascript-all/0.3.4",
                          "/Users/litianjian/.codeql/packages/codeql/suite-helpers/0.1.0",
                          "/Users/litianjian/.codeql/packages/codeql/typos/0.0.5"
                        ],
                        "dbscheme" : "/Users/litianjian/.codeql/packages/codeql/javascript-all/0.3.4/semmlecode.javascript.dbscheme",
                        "compilationCache" : [
                          "/Users/litianjian/Documents/GitHub/PPAEG/custom-js-queries/.cache"
                        ],
                        "relativeName" : "truthbutcher/custom-js-queries/FindUndefinedProperties.ql",
                        "qlPackName" : "truthbutcher/custom-js-queries"
                      }
[2022-12-03 16:20:40] [PROGRESS] execute queries> Compiling query plan for /Users/litianjian/Documents/GitHub/PPAEG/dataset/../custom-js-queries/FindUndefinedProperties.ql.
[2022-12-03 16:20:40] [DETAILS] execute queries> Resolving imports for /Users/litianjian/Documents/GitHub/PPAEG/dataset/../custom-js-queries/FindUndefinedProperties.ql.
[2022-12-03 16:20:40] Resolved file set for /Users/litianjian/Documents/GitHub/PPAEG/dataset/../custom-js-queries/FindUndefinedProperties.ql hashes to 41c62ab0bbb49da04040c785dd2b6786209e05ae.
[2022-12-03 16:20:40] [DETAILS] execute queries> Checking QL for /Users/litianjian/Documents/GitHub/PPAEG/dataset/../custom-js-queries/FindUndefinedProperties.ql.
[2022-12-03 16:20:41] ExternalModuleBindingPass ...
[2022-12-03 16:20:42] ExternalModuleBindingPass time: 00:01.117
[2022-12-03 16:20:42] QLPredicateSynthesiser ...
[2022-12-03 16:20:42] QLPredicateSynthesiser time: 00:00.017
[2022-12-03 16:20:42] DeclarationBindingPass ...
[2022-12-03 16:20:42] DeclarationBindingPass time: 00:00.087
[2022-12-03 16:20:42] Fixed point time ...
[2022-12-03 16:20:43] Fixed point time time: 00:00.607
[2022-12-03 16:20:43] ReferenceBindingPass ...
[2022-12-03 16:20:43] ReferenceBindingPass time: 00:00.125
[2022-12-03 16:20:43] PopulateInstantiationMapPass ...
[2022-12-03 16:20:43] PopulateInstantiationMapPass time: 00:00.028
[2022-12-03 16:20:43] ReferenceBindingCheck ...
[2022-12-03 16:20:43] ReferenceBindingCheck time: 00:00.091
[2022-12-03 16:20:43] PredicateBodyBindingPass ...
[2022-12-03 16:20:44] PredicateBodyBindingPass time: 00:00.654
[2022-12-03 16:20:44] LanguagePragmaPropagationPass ...
[2022-12-03 16:20:44] LanguagePragmaPropagationPass time: 00:00.030
[2022-12-03 16:20:44] Ambiguity checks ...
[2022-12-03 16:20:44] Ambiguity checks time: 00:00.256
[2022-12-03 16:20:44] Ql checks ...
[2022-12-03 16:20:45] Ql checks time: 00:01.345
[2022-12-03 16:20:46] [ERROR] execute queries> ERROR: unexpected input '|' expecting one of: 'and', 'implies', 'in', 'instanceof', 'or', '<', '<=', '=', '>', '>=', '-', '!=', '/', '.', ')', '*', '%', '+' (/Users/litianjian/Documents/GitHub/PPAEG/custom-js-queries/FindUndefinedProperties.ql:13,29-30)
[2022-12-03 16:20:46] [ERROR] execute queries> ERROR: unexpected input '}' expecting one of: 'and', 'implies', 'in', 'instanceof', 'or', '<', '<=', '=', '>', '>=', '-', '!=', '/', '.', ')', '*', '%', '+' (/Users/litianjian/Documents/GitHub/PPAEG/custom-js-queries/FindUndefinedProperties.ql:15,1-2)
[2022-12-03 16:20:46] [ERROR] execute queries> ERROR: Could not resolve type PropertyAccess (/Users/litianjian/Documents/GitHub/PPAEG/custom-js-queries/FindUndefinedProperties.ql:10,39-53)
[2022-12-03 16:20:46] [ERROR] execute queries> ERROR: Could not resolve variable PropertyDecl (/Users/litianjian/Documents/GitHub/PPAEG/custom-js-queries/FindUndefinedProperties.ql:13,16-28)
[2022-12-03 16:20:46] [ERROR] execute queries> ERROR: Query module does not have any queries in scope. (/Users/litianjian/Documents/GitHub/PPAEG/custom-js-queries/FindUndefinedProperties.ql:1,1-1)
[2022-12-03 16:20:46] [ERROR] execute queries> ERROR: UndefinedPropertyAccess must implement toString() (/Users/litianjian/Documents/GitHub/PPAEG/custom-js-queries/FindUndefinedProperties.ql:10,7-30)
[2022-12-03 16:20:46] [ERROR] execute queries> ERROR: Class must extend or implement at least one type (/Users/litianjian/Documents/GitHub/PPAEG/custom-js-queries/FindUndefinedProperties.ql:10,7-30)
[2022-12-03 16:20:46] [ERROR] execute queries> ERROR: 'this' is not bound in the body of this characteristic predicate and the class does not extend any other type (/Users/litianjian/Documents/GitHub/PPAEG/custom-js-queries/FindUndefinedProperties.ql:12,3-26)
[2022-12-03 16:20:46] Sequence stamp origin is -6380850633842193890
[2022-12-03 16:20:46] Pausing evaluation to close the cache at sequence stamp o+0
[2022-12-03 16:20:46] The disk cache is freshly trimmed; leave it be.
[2022-12-03 16:20:46] Unpausing evaluation
[2022-12-03 16:20:46] Exiting with code 2
