[2022-12-03 16:21:28] This is codeql execute queries -J-Xmx1024M --off-heap-ram=1024 --verbosity=progress --logdir=/Users/litianjian/Documents/GitHub/PPAEG/dataset/codeql-database/log --evaluator-log-level=5 --insecurely-execute-ml-model-checksums= --warnings=show --qlconfig-file=/Users/litianjian/Documents/GitHub/PPAEG/dataset/qlconfig.yml --no-rerun --output=/Users/litianjian/Documents/GitHub/PPAEG/dataset/codeql-database/results -- /Users/litianjian/Documents/GitHub/PPAEG/dataset/codeql-database/db-javascript ../custom-js-queries/getPropertyName.ql
[2022-12-03 16:21:28] Calling plumbing command: codeql resolve queries --qlconfig-file=/Users/litianjian/Documents/GitHub/PPAEG/dataset/qlconfig.yml --format=json -- ../custom-js-queries/getPropertyName.ql
[2022-12-03 16:21:28] [PROGRESS] resolve queries> Recording pack reference truthbutcher/custom-js-queries at /Users/litianjian/Documents/GitHub/PPAEG/custom-js-queries.
[2022-12-03 16:21:28] Plumbing command codeql resolve queries completed:
                      [
                        "/Users/litianjian/Documents/GitHub/PPAEG/dataset/../custom-js-queries/getPropertyName.ql"
                      ]
[2022-12-03 16:21:28] Creating executor with 1 threads.
[2022-12-03 16:21:28] Calling plumbing command: codeql resolve extensions --qlconfig-file=/Users/litianjian/Documents/GitHub/PPAEG/dataset/qlconfig.yml --insecurely-execute-ml-model-checksums= ../custom-js-queries/getPropertyName.ql
[2022-12-03 16:21:29] Calling plumbing command: codeql resolve queries --qlconfig-file=/Users/litianjian/Documents/GitHub/PPAEG/dataset/qlconfig.yml --format startingpacks -- ../custom-js-queries/getPropertyName.ql
[2022-12-03 16:21:29] [PROGRESS] resolve queries> Recording pack reference truthbutcher/custom-js-queries at /Users/litianjian/Documents/GitHub/PPAEG/custom-js-queries.
[2022-12-03 16:21:29] Plumbing command codeql resolve queries completed:
                      [
                        "/Users/litianjian/Documents/GitHub/PPAEG/custom-js-queries"
                      ]
[2022-12-03 16:21:29] Plumbing command codeql resolve extensions completed:
                      {
                        "models" : [ ],
                        "data" : { }
                      }
[2022-12-03 16:21:29] [DETAILS] execute queries> Did not find any ML models.
[2022-12-03 16:21:29] [SPAMMIER] execute queries> Data extensions for query 'getPropertyName.ql' in 'truthbutcher/custom-js-queries':
                      {}
[2022-12-03 16:21:29] Calling plumbing command: codeql resolve library-path --qlconfig-file=/Users/litianjian/Documents/GitHub/PPAEG/dataset/qlconfig.yml --query=/Users/litianjian/Documents/GitHub/PPAEG/dataset/../custom-js-queries/getPropertyName.ql --format=json
[2022-12-03 16:21:29] [DETAILS] resolve library-path> Resolving query at normalized path /Users/litianjian/Documents/GitHub/PPAEG/custom-js-queries/getPropertyName.ql.
[2022-12-03 16:21:29] [DETAILS] resolve library-path> Found enclosing pack 'truthbutcher/custom-js-queries' at /Users/litianjian/Documents/GitHub/PPAEG/custom-js-queries.
[2022-12-03 16:21:29] [DETAILS] resolve library-path> Adding compilation cache at /Users/litianjian/Documents/GitHub/PPAEG/custom-js-queries/.cache.
[2022-12-03 16:21:29] [DETAILS] resolve library-path> Resolving library dependencies from /Users/litianjian/Documents/GitHub/PPAEG/custom-js-queries/qlpack.yml.
[2022-12-03 16:21:29] [DETAILS] resolve library-path> QL pack dependencies for /Users/litianjian/Documents/GitHub/PPAEG/custom-js-queries resolved OK.
[2022-12-03 16:21:29] [DETAILS] resolve library-path> Found dbscheme through QL packs: /Users/litianjian/.codeql/packages/codeql/javascript-all/0.3.4/semmlecode.javascript.dbscheme.
[2022-12-03 16:21:29] Plumbing command codeql resolve library-path completed:
                      {
                        "libraryPath" : [
                          "/Users/litianjian/Documents/GitHub/PPAEG/custom-js-queries",
                          "/Users/litianjian/.codeql/packages/codeql/javascript-all/0.3.4",
                          "/Users/litianjian/.codeql/packages/codeql/suite-helpers/0.1.0",
                          "/Users/litianjian/.codeql/packages/codeql/typos/0.0.5"
                        ],
                        "dbscheme" : "/Users/litianjian/.codeql/packages/codeql/javascript-all/0.3.4/semmlecode.javascript.dbscheme",
                        "compilationCache" : [
                          "/Users/litianjian/Documents/GitHub/PPAEG/custom-js-queries/.cache"
                        ],
                        "relativeName" : "truthbutcher/custom-js-queries/getPropertyName.ql",
                        "qlPackName" : "truthbutcher/custom-js-queries"
                      }
[2022-12-03 16:21:29] [PROGRESS] execute queries> Compiling query plan for /Users/litianjian/Documents/GitHub/PPAEG/dataset/../custom-js-queries/getPropertyName.ql.
[2022-12-03 16:21:29] [DETAILS] execute queries> Resolving imports for /Users/litianjian/Documents/GitHub/PPAEG/dataset/../custom-js-queries/getPropertyName.ql.
[2022-12-03 16:21:29] Resolved file set for /Users/litianjian/Documents/GitHub/PPAEG/dataset/../custom-js-queries/getPropertyName.ql hashes to 3d6067697580380fa7757e701f0ba5742f7847b6.
[2022-12-03 16:21:29] [DETAILS] execute queries> Checking QL for /Users/litianjian/Documents/GitHub/PPAEG/dataset/../custom-js-queries/getPropertyName.ql.
[2022-12-03 16:21:30] ExternalModuleBindingPass ...
[2022-12-03 16:21:31] ExternalModuleBindingPass time: 00:01.298
[2022-12-03 16:21:31] QLPredicateSynthesiser ...
[2022-12-03 16:21:31] QLPredicateSynthesiser time: 00:00.021
[2022-12-03 16:21:31] DeclarationBindingPass ...
[2022-12-03 16:21:31] DeclarationBindingPass time: 00:00.092
[2022-12-03 16:21:31] Fixed point time ...
[2022-12-03 16:21:32] Fixed point time time: 00:00.706
[2022-12-03 16:21:32] ReferenceBindingPass ...
[2022-12-03 16:21:32] ReferenceBindingPass time: 00:00.132
[2022-12-03 16:21:32] PopulateInstantiationMapPass ...
[2022-12-03 16:21:32] PopulateInstantiationMapPass time: 00:00.027
[2022-12-03 16:21:32] ReferenceBindingCheck ...
[2022-12-03 16:21:32] ReferenceBindingCheck time: 00:00.102
[2022-12-03 16:21:32] PredicateBodyBindingPass ...
[2022-12-03 16:21:33] PredicateBodyBindingPass time: 00:00.536
[2022-12-03 16:21:33] LanguagePragmaPropagationPass ...
[2022-12-03 16:21:33] LanguagePragmaPropagationPass time: 00:00.024
[2022-12-03 16:21:33] Ambiguity checks ...
[2022-12-03 16:21:33] Ambiguity checks time: 00:00.295
[2022-12-03 16:21:33] Ql checks ...
[2022-12-03 16:21:34] Ql checks time: 00:01.215
[2022-12-03 16:21:36] Compilation pipeline
[2022-12-03 16:21:36] Type Inference ...
[2022-12-03 16:21:37] CSV_TYPE_HIERARCHY: Best number of iterations,Maximum number of runs,Number of BDD variables,Size of BDD for typefacts
[2022-12-03 16:21:37] CSV_TYPE_HIERARCHY: 0,0,1,1
[2022-12-03 16:21:37] CSV_TYPE_HIERARCHY: 0,0,0,0
[2022-12-03 16:21:37] CSV_TYPE_HIERARCHY: 0,0,113,134
[2022-12-03 16:21:37] CSV_TYPE_HIERARCHY: 0,0,1,1
[2022-12-03 16:21:37] CSV_TYPE_HIERARCHY: 0,0,0,0
[2022-12-03 16:21:37] CSV_TYPE_HIERARCHY: 0,0,709,3199
[2022-12-03 16:21:37] CSV_TYPE_HIERARCHY: 0,0,880,6858
[2022-12-03 16:21:37] CSV_TYPE_HIERARCHY: 0,0,9,9
[2022-12-03 16:21:37] CSV_TYPE_HIERARCHY: 0,0,2,2
[2022-12-03 16:21:37] CSV_TYPE_HIERARCHY: 0,0,2,2
[2022-12-03 16:21:37] CSV_TYPE_HIERARCHY: 0,0,2,2
[2022-12-03 16:21:37] CSV_TYPE_HIERARCHY: 0,0,2,2
[2022-12-03 16:21:37] CSV_TYPE_HIERARCHY: 0,0,26,26
[2022-12-03 16:21:37] CSV_TYPE_HIERARCHY: 0,0,4,4
[2022-12-03 16:21:37] CSV_TYPE_HIERARCHY: 0,0,12,12
[2022-12-03 16:21:37] CSV_TYPE_HIERARCHY: 0,0,2,2
[2022-12-03 16:21:37] CSV_TYPE_HIERARCHY: 0,0,1,1
[2022-12-03 16:21:37] CSV_TYPE_HIERARCHY: 0,0,12,15
[2022-12-03 16:21:37] CSV_TYPE_HIERARCHY: 0,0,4,4
[2022-12-03 16:21:37] CSV_TYPE_HIERARCHY: 0,0,2,2
[2022-12-03 16:21:37] CSV_TYPE_HIERARCHY: 0,0,6,7
[2022-12-03 16:21:37] CSV_TYPE_HIERARCHY: 0,0,2,2
[2022-12-03 16:21:37] CSV_TYPE_HIERARCHY: 0,0,8,8
[2022-12-03 16:21:37] CSV_TYPE_HIERARCHY: 0,0,20,28
[2022-12-03 16:21:37] CSV_TYPE_HIERARCHY: 0,0,2,2
[2022-12-03 16:21:37] CSV_TYPE_HIERARCHY: 0,0,18,18
[2022-12-03 16:21:37] CSV_TYPE_HIERARCHY: 0,0,10,10
[2022-12-03 16:21:37] CSV_TYPE_HIERARCHY: 0,0,11,11
[2022-12-03 16:21:37] CSV_TYPE_HIERARCHY: 0,0,2,2
[2022-12-03 16:21:37] CSV_TYPE_HIERARCHY: 0,0,4,4
[2022-12-03 16:21:37] CSV_TYPE_HIERARCHY: 0,0,2,2
[2022-12-03 16:21:37] CSV_TYPE_HIERARCHY: 0,0,2,2
[2022-12-03 16:21:37] CSV_TYPE_HIERARCHY: 0,0,17,19
[2022-12-03 16:21:37] CSV_TYPE_HIERARCHY: 0,0,6,6
[2022-12-03 16:21:37] CSV_TYPE_HIERARCHY: 0,0,2,2
[2022-12-03 16:21:37] CSV_TYPE_HIERARCHY: 0,0,4,4
[2022-12-03 16:21:37] CSV_TYPE_HIERARCHY: 0,0,2,2
[2022-12-03 16:21:37] CSV_TYPE_HIERARCHY: 0,0,7,10
[2022-12-03 16:21:37] CSV_TYPE_HIERARCHY: 0,0,6,6
[2022-12-03 16:21:37] CSV_TYPE_HIERARCHY: 0,0,6,7
[2022-12-03 16:21:37] CSV_TYPE_HIERARCHY: 0,0,3,3
[2022-12-03 16:21:39] Type Inference time: 00:02.353
[2022-12-03 16:21:39] [WARN] execute queries> WARNING: Unused variable method_call (/Users/litianjian/Documents/GitHub/PPAEG/custom-js-queries/getPropertyName.ql:28,69-80)
[2022-12-03 16:21:39] [WARN] execute queries> WARNING: The @id property should be a valid query identifier. (/Users/litianjian/Documents/GitHub/PPAEG/custom-js-queries/getPropertyName.ql:1,1-31,19)
[2022-12-03 16:21:39] [WARN] execute queries> WARNING: A problem query must define the @severity property. (/Users/litianjian/Documents/GitHub/PPAEG/custom-js-queries/getPropertyName.ql:1,1-31,19)
[2022-12-03 16:21:39] [WARN] execute queries> WARNING: A problem query must select at least 2 columns. (/Users/litianjian/Documents/GitHub/PPAEG/custom-js-queries/getPropertyName.ql:28,1-31,19)
[2022-12-03 16:21:39] [DETAILS] execute queries> Optimizing /Users/litianjian/Documents/GitHub/PPAEG/dataset/../custom-js-queries/getPropertyName.ql.
[2022-12-03 16:21:39] Processing compilation pipeline
[2022-12-03 16:21:39] Started compiling a query
[2022-12-03 16:21:39] Initialising compiler...
[2022-12-03 16:21:39] 	 ... compiler initialised
[2022-12-03 16:21:39] About to start query optimisation
[2022-12-03 16:21:39] Compilation cache miss for b431ee78c1ffbc57a9b9cba5d413d642ca464373.
[2022-12-03 16:21:42] Stored compiled program for b431ee78c1ffbc57a9b9cba5d413d642ca464373.
[2022-12-03 16:21:42] Compilation cache miss for c6ee0af67989a1f445cc159279013ce907177710.
[2022-12-03 16:21:42] Stored compiled program for c6ee0af67989a1f445cc159279013ce907177710.
[2022-12-03 16:21:42] CSV_COMPILATION: NONE,MISC,RA_TRANSLATION,OPTIMISATIONS
[2022-12-03 16:21:42] CSV_COMPILATION: 109,220,293,2049
[2022-12-03 16:21:42] [SPAMMY] execute queries> No database upgrade/downgrade needed for /Users/litianjian/Documents/GitHub/PPAEG/dataset/../custom-js-queries/getPropertyName.ql
[2022-12-03 16:21:42] [PROGRESS] execute queries> [1/1 comp 13.3s] Compiled /Users/litianjian/Documents/GitHub/PPAEG/dataset/../custom-js-queries/getPropertyName.ql.
[2022-12-03 16:21:42] [PROGRESS] execute queries> Starting evaluation of truthbutcher/custom-js-queries/getPropertyName.ql.
[2022-12-03 16:21:42] Starting evaluation of /Users/litianjian/Documents/GitHub/PPAEG/dataset/../custom-js-queries/getPropertyName.ql
[2022-12-03 16:21:42] (0s) Start query execution
[2022-12-03 16:21:42] (0s) Beginning execution of getPropertyName.ql
[2022-12-03 16:21:42] (0s)  >>> Created relation files/2@bfcf0c84 with 112 rows.
[2022-12-03 16:21:42] (0s)  >>> Created relation locations_default/6@8c8d0fsu with 189055 rows.
[2022-12-03 16:21:42] (0s)  >>> Created relation exprs/5@9d9c36qo with 60670 rows.
[2022-12-03 16:21:42] (0s) Starting to evaluate predicate exprs_10#join_rhs/2@bfc31eag
[2022-12-03 16:21:42] (0s)  >>> Created relation exprs_10#join_rhs/2@bfc31eag with 60670 rows.
[2022-12-03 16:21:42] (0s) Starting to evaluate predicate Expr#92cb915f::PropAccess#f/1@b1bf74lu
[2022-12-03 16:21:42] (0s)  >>> Created relation Expr#92cb915f::PropAccess#f/1@b1bf74lu with 18441 rows.
[2022-12-03 16:21:42] (0s) Starting to evaluate predicate Expr#92cb915f::InvokeExpr#f/1@047fd4i1
[2022-12-03 16:21:42] (0s)  >>> Created relation Expr#92cb915f::InvokeExpr#f/1@047fd4i1 with 39 rows.
[2022-12-03 16:21:42] (0s) Starting to evaluate predicate exprs_230#join_rhs/3@e7f558k1
[2022-12-03 16:21:43] (0s)  >>> Created relation exprs_230#join_rhs/3@e7f558k1 with 60670 rows.
[2022-12-03 16:21:43] (0s) Starting to evaluate predicate Expr#92cb915f::InvokeExpr::getCallee#0#dispred#ff/2@48ffd8hr
[2022-12-03 16:21:43] (0s)  >>> Created relation Expr#92cb915f::InvokeExpr::getCallee#0#dispred#ff/2@48ffd8hr with 39 rows.
[2022-12-03 16:21:43] (0s) Starting to evaluate predicate Expr#92cb915f::InvokeExpr::getCallee#0#dispred#ff_10#join_rhs/2@4914059o
[2022-12-03 16:21:43] (0s)  >>> Created relation Expr#92cb915f::InvokeExpr::getCallee#0#dispred#ff_10#join_rhs/2@4914059o with 39 rows.
[2022-12-03 16:21:43] (0s) Starting to evaluate predicate exprs_032#join_rhs/3@f25a8cl2
[2022-12-03 16:21:43] (0s)  >>> Created relation exprs_032#join_rhs/3@f25a8cl2 with 60670 rows.
[2022-12-03 16:21:43] (0s) Starting to evaluate predicate _exprs_10#join_rhs#antijoin_rhs#4/1@d248da49
[2022-12-03 16:21:43] (0s)  >>> Created relation _exprs_10#join_rhs#antijoin_rhs#4/1@d248da49 with 0 rows.
[2022-12-03 16:21:43] (0s) Starting to evaluate predicate Expr#92cb915f::Expr::stripParens#0#dispred#bf/2@i1#6b299y0v (iteration 1)
[2022-12-03 16:21:43] (0s) Empty delta for Expr#92cb915f::Expr::stripParens#0#dispred#bf_delta (order for disjuncts: delta=<standard>).
[2022-12-03 16:21:43] (0s) Starting to evaluate predicate Expr#92cb915f::MethodCallExpr#f/1@i1#6b299x0v (iteration 1)
[2022-12-03 16:21:43] (0s) Empty delta for Expr#92cb915f::MethodCallExpr#f_delta (order for disjuncts: delta=<standard>).
[2022-12-03 16:21:43] (0s) Starting to evaluate predicate m#Expr#92cb915f::Expr::stripParens#0#dispred#bf/1@i1#6b299w0v (iteration 1)
[2022-12-03 16:21:43] (0s) 			 - m#Expr#92cb915f::Expr::stripParens#0#dispred#bf_delta has 39 rows (order for disjuncts: delta=<standard>).
[2022-12-03 16:21:43] (0s) Starting to evaluate predicate _exprs_m#Expr#92cb915f::Expr::stripParens#0#dispred#bf#prev_delta#shared/2@i2#L1#6b299w0v (iteration 2)
[2022-12-03 16:21:43] (0s) Starting to evaluate predicate Expr#92cb915f::Expr::stripParens#0#dispred#bf/2@i2#6b299y0v (iteration 2)
[2022-12-03 16:21:43] (0s) 			 - Expr#92cb915f::Expr::stripParens#0#dispred#bf_delta has 39 rows (order for disjuncts: delta=500000).
[2022-12-03 16:21:43] (0s) Empty delta for Expr#92cb915f::MethodCallExpr#f_delta (order for disjuncts: delta=<standard>).
[2022-12-03 16:21:43] (0s) Starting to evaluate predicate m#Expr#92cb915f::Expr::stripParens#0#dispred#bf/1@i2#6b299w0v (iteration 2)
[2022-12-03 16:21:43] (0s) Empty delta for m#Expr#92cb915f::Expr::stripParens#0#dispred#bf_delta (order for disjuncts: delta=500000).
[2022-12-03 16:21:43] (0s) Starting to evaluate predicate _exprs_m#Expr#92cb915f::Expr::stripParens#0#dispred#bf#prev_delta#shared/2@i3#L1#6b299w0v (iteration 3)
[2022-12-03 16:21:43] (0s) Starting to evaluate predicate Expr#92cb915f::Expr::stripParens#0#dispred#bf/2@i3#6b299y0v (iteration 3)
[2022-12-03 16:21:43] (0s) Empty delta for Expr#92cb915f::Expr::stripParens#0#dispred#bf_delta (order for disjuncts: delta=500000).
[2022-12-03 16:21:43] (0s) Starting to evaluate predicate Expr#92cb915f::MethodCallExpr#f/1@i3#6b299x0v (iteration 3)
[2022-12-03 16:21:43] (0s) 			 - Expr#92cb915f::MethodCallExpr#f_delta has 13 rows (order for disjuncts: delta=500000).
[2022-12-03 16:21:43] (0s) Empty delta for m#Expr#92cb915f::Expr::stripParens#0#dispred#bf_delta (order for disjuncts: delta=500000).
[2022-12-03 16:21:43] (0s) Starting to evaluate predicate _exprs_m#Expr#92cb915f::Expr::stripParens#0#dispred#bf#prev_delta#shared/2@i4#L1#6b299w0v (iteration 4)
[2022-12-03 16:21:43] (0s) Empty delta for Expr#92cb915f::Expr::stripParens#0#dispred#bf_delta (order for disjuncts: delta=500000).
[2022-12-03 16:21:43] (0s) Empty delta for Expr#92cb915f::MethodCallExpr#f_delta (order for disjuncts: delta=500000).
[2022-12-03 16:21:43] (0s) Starting to evaluate predicate m#Expr#92cb915f::Expr::stripParens#0#dispred#bf/1@i4#6b299w0v (iteration 4)
[2022-12-03 16:21:43] (0s) Empty delta for m#Expr#92cb915f::Expr::stripParens#0#dispred#bf_delta (order for disjuncts: delta=500000).
[2022-12-03 16:21:43] (0s) Accumulating deltas
[2022-12-03 16:21:43] (0s)  >>> Created relation m#Expr#92cb915f::Expr::stripParens#0#dispred#bf/1@6b299w0v with 39 rows.
[2022-12-03 16:21:43] (0s)  >>> Created relation Expr#92cb915f::MethodCallExpr#f/1@6b299x0v with 13 rows.
[2022-12-03 16:21:43] (0s)  >>> Created relation Expr#92cb915f::Expr::stripParens#0#dispred#bf/2@6b299y0v with 39 rows.
[2022-12-03 16:21:43] (0s) Starting to evaluate predicate m#AST#4fc16b88::AstNode::getFile#0#dispred#bf/1@65a176f9
[2022-12-03 16:21:43] (0s)  >>> Created relation m#AST#4fc16b88::AstNode::getFile#0#dispred#bf/1@65a176f9 with 18454 rows.
[2022-12-03 16:21:43] (0s)  >>> Created relation hasLocation/2@b3afe5l6 with 233332 rows.
[2022-12-03 16:21:43] (0s)  >>> Created relation properties/5@f7365fva with 86 rows.
[2022-12-03 16:21:43] (0s)  >>> Created relation typeexprs/5@f3a8eevg with 0 rows.
[2022-12-03 16:21:43] (0s) Inferred that typeexprs_0#antijoin_rhs/1@1f8af8lb is empty, due to typeexprs/5@f3a8eevg.
[2022-12-03 16:21:43] (0s) Inferred that typeexprs_10#join_rhs/2@aa306aso is empty, due to typeexprs/5@f3a8eevg.
[2022-12-03 16:21:43] (0s)  >>> Created relation typeexprs_0#antijoin_rhs/1@1f8af8lb with 0 rows.
[2022-12-03 16:21:43] (0s)  >>> Created relation typeexprs_10#join_rhs/2@aa306aso with 0 rows.
[2022-12-03 16:21:43] (0s)  >>> Created relation toplevels/2@14954abb with 112 rows.
[2022-12-03 16:21:43] (0s)  >>> Created relation stmts/5@1ea999sl with 14066 rows.
[2022-12-03 16:21:43] (0s) Starting to evaluate predicate exprs_0#antijoin_rhs/1@9c0aa44j
[2022-12-03 16:21:43] (0s)  >>> Created relation exprs_0#antijoin_rhs/1@9c0aa44j with 60670 rows.
[2022-12-03 16:21:43] (0s) Starting to evaluate predicate AST#4fc16b88::AstNode#b/1@7aa35353
[2022-12-03 16:21:43] (0s)  >>> Created relation AST#4fc16b88::AstNode#b/1@7aa35353 with 74934 rows.
[2022-12-03 16:21:43] (0s) Starting to evaluate predicate AST#4fc16b88::AstNode::getLocation#0#dispred#bf/2@c36c3e25
[2022-12-03 16:21:43] (0s)  >>> Created relation AST#4fc16b88::AstNode::getLocation#0#dispred#bf/2@c36c3e25 with 74934 rows.
[2022-12-03 16:21:43] (0s) Starting to evaluate predicate AST#4fc16b88::AstNode::getFile#0#dispred#bf/2@f7d06cfr
[2022-12-03 16:21:43] (0s)  >>> Created relation AST#4fc16b88::AstNode::getFile#0#dispred#bf/2@f7d06cfr with 18454 rows.
[2022-12-03 16:21:43] (0s) Starting to evaluate predicate getPropertyName#8261c31c::MethodCallExprUnderSrcPath#f/1@e5a8e8fo
[2022-12-03 16:21:43] (0s)  >>> Created relation getPropertyName#8261c31c::MethodCallExprUnderSrcPath#f/1@e5a8e8fo with 0 rows.
[2022-12-03 16:21:43] (0s) Inferred that getPropertyName#8261c31c::MethodCallExprUnderSrcPath#f#nonempty/0@5d5f9fac is empty, due to getPropertyName#8261c31c::MethodCallExprUnderSrcPath#f/1@e5a8e8fo.
[2022-12-03 16:21:43] (0s) Inferred that _Expr#92cb915f::MethodCallExpr::getMethodRef#0#dispred#ff_10#join_rhs_Expr#92cb915f::MethodCallExpr:__#antijoin_rhs/1@1d1195cq is empty, due to getPropertyName#8261c31c::MethodCallExprUnderSrcPath#f/1@e5a8e8fo.
[2022-12-03 16:21:43] (0s) Inferred that _exprs_exprs_0#antijoin_rhs_getPropertyName#8261c31c::MethodCallExprUnderSrcPath#f#nonempty_getPrope__#shared/2@84c8adr5 is empty, due to getPropertyName#8261c31c::MethodCallExprUnderSrcPath#f#nonempty/0@5d5f9fac.
[2022-12-03 16:21:43] (0s) Inferred that _AST#4fc16b88::AstNode::getLocation#0#dispred#bf__exprs_exprs_0#antijoin_rhs_getPropertyName#8261c31__#shared/3@84ff72fj is empty, due to _exprs_exprs_0#antijoin_rhs_getPropertyName#8261c31c::MethodCallExprUnderSrcPath#f#nonempty_getPrope__#shared/2@84c8adr5.
[2022-12-03 16:21:43] (0s) Inferred that #select#query#fffffff/7@82267111 is empty, due to _exprs_exprs_0#antijoin_rhs_getPropertyName#8261c31c::MethodCallExprUnderSrcPath#f#nonempty_getPrope__#shared/2@84c8adr5.
[2022-12-03 16:21:43] (0s) Inferred that _Locations#c853d51f::Location::hasLocationInfo#5#dispred#bfffff__AST#4fc16b88::AstNode::getLocation#__#antijoin_rhs/2@0a02c0ui is empty, due to _AST#4fc16b88::AstNode::getLocation#0#dispred#bf__exprs_exprs_0#antijoin_rhs_getPropertyName#8261c31__#shared/3@84ff72fj.
[2022-12-03 16:21:43] (0s)  >>> Created relation getPropertyName#8261c31c::MethodCallExprUnderSrcPath#f#nonempty/0@5d5f9fac with 0 rows.
[2022-12-03 16:21:43] (0s)  >>> Created relation _Expr#92cb915f::MethodCallExpr::getMethodRef#0#dispred#ff_10#join_rhs_Expr#92cb915f::MethodCallExpr:__#antijoin_rhs/1@1d1195cq with 0 rows.
[2022-12-03 16:21:43] (0s)  >>> Created relation _Locations#c853d51f::Location::hasLocationInfo#5#dispred#bfffff__AST#4fc16b88::AstNode::getLocation#__#antijoin_rhs/2@0a02c0ui with 0 rows.
[2022-12-03 16:21:43] (0s)  >>> Created relation #select#query#fffffff/7@82267111 with 0 rows.
[2022-12-03 16:21:43] (0s)  >>> Created relation _AST#4fc16b88::AstNode::getLocation#0#dispred#bf__exprs_exprs_0#antijoin_rhs_getPropertyName#8261c31__#shared/3@84ff72fj with 0 rows.
[2022-12-03 16:21:43] (0s)  >>> Created relation _exprs_exprs_0#antijoin_rhs_getPropertyName#8261c31c::MethodCallExprUnderSrcPath#f#nonempty_getPrope__#shared/2@84c8adr5 with 0 rows.
[2022-12-03 16:21:43] (0s) Query done
[2022-12-03 16:21:43] (0s) Sequence stamp origin is -6380850423043657013
[2022-12-03 16:21:43] (0s) Pausing evaluation to sync to disk at sequence stamp o+0
[2022-12-03 16:21:43] (0s) Unpausing evaluation
[2022-12-03 16:21:43] Evaluation of /Users/litianjian/Documents/GitHub/PPAEG/dataset/../custom-js-queries/getPropertyName.ql produced BQRS results.
[2022-12-03 16:21:43] [PROGRESS] execute queries> [1/1 eval 808ms] Evaluation done; writing results to truthbutcher/custom-js-queries/getPropertyName.bqrs.
[2022-12-03 16:21:43] [PROGRESS] execute queries> Shutting down query evaluator.
[2022-12-03 16:21:43] Pausing evaluation to close the cache at sequence stamp o+1
[2022-12-03 16:21:43] The disk cache is freshly trimmed; leave it be.
[2022-12-03 16:21:43] Unpausing evaluation
[2022-12-03 16:21:43] Terminating normally.
