v8-version,10,2,154,23,-node.22,0
v8-platform,linux,linux
new,CodeRange,0x55839c97a000,0
new,MemoryChunk,0x1ee551100000,262144
new,MemoryChunk,0x2f61b8c80000,262144
new,MemoryChunk,0x177ee41c0000,262144
new,MemoryChunk,0x1bb3a9ec0000,262144
new,MemoryChunk,0x1dc4ce480000,262144
heap-capacity,1030976
heap-available,2198828672
new,MemoryChunk,0x957bd9c0000,262144
new,MemoryChunk,0x3406d000000,262144
new,MemoryChunk,0x4b638b40000,262144
new,MemoryChunk,0x37927fa80000,262144
new,MemoryChunk,0xacc55d40000,262144
new,MemoryChunk,0x7a83ac40000,262144
new,MemoryChunk,0x3e9034340000,262144
new,MemoryChunk,0x2ff140fc0000,262144
new,MemoryChunk,0x9b4b4ac0000,262144
new,MemoryChunk,0x2000d0140000,262144
new,MemoryChunk,0x55839c980000,262144
new,MemoryChunk,0x20e48a540000,262144
new,MemoryChunk,0x3d3fcde80000,262144
new,MemoryChunk,0x284e8c40000,262144
new,MemoryChunk,0x276923100000,262144
new,MemoryChunk,0x105f5dd80000,262144
new,MemoryChunk,0x1d0005580000,262144
new,MemoryChunk,0x36f9bc7c0000,262144
new,MemoryChunk,0x8de4cf40000,262144
new,MemoryChunk,0x55839c9c0000,262144
new,MemoryChunk,0x2ab086600000,262144
new,MemoryChunk,0x19bcfbcc0000,262144
new,MemoryChunk,0x2c8c3a1c0000,180224
new,MemoryChunk,0x351c67b00000,262144
new,MemoryChunk,0x25a317940000,262144
new,MemoryChunk,0x6dd252c0000,262144
new,MemoryChunk,0x3f8dcb240000,262144
new,MemoryChunk,0x192153a80000,262144
new,MemoryChunk,0x278e96e80000,364544
new,MemoryChunk,0x37b264980000,262144
new,MemoryChunk,0x3a006db80000,262144
new,MemoryChunk,0x113d7ca80000,262144
new,MemoryChunk,0x2ac96f800000,798720
new,MemoryChunk,0x247f09e80000,262144
new,MemoryChunk,0x3082a5700000,262144
new,MemoryChunk,0x33763c300000,262144
new,MemoryChunk,0x165885540000,262144
new,MemoryChunk,0x2d92a91c0000,262144
new,MemoryChunk,0x2c0ac6640000,262144
new,MemoryChunk,0x393bdc180000,262144
new,MemoryChunk,0x298b3a80000,262144
new,MemoryChunk,0x310c73340000,262144
new,MemoryChunk,0x81f98000000,798720
new,MemoryChunk,0x1ec756880000,262144
new,MemoryChunk,0x319f566c0000,262144
delete,MemoryChunk,0x957bd9c0000
delete,MemoryChunk,0x4b638b40000
delete,MemoryChunk,0x37927fa80000
delete,MemoryChunk,0xacc55d40000
delete,MemoryChunk,0x7a83ac40000
delete,MemoryChunk,0x3e9034340000
delete,MemoryChunk,0x2ff140fc0000
delete,MemoryChunk,0x9b4b4ac0000
delete,MemoryChunk,0x2000d0140000
delete,MemoryChunk,0x20e48a540000
delete,MemoryChunk,0x284e8c40000
delete,MemoryChunk,0x276923100000
delete,MemoryChunk,0x105f5dd80000
delete,MemoryChunk,0x1d0005580000
delete,MemoryChunk,0x36f9bc7c0000
delete,MemoryChunk,0x8de4cf40000
delete,MemoryChunk,0x351c67b00000
delete,MemoryChunk,0x2ab086600000
delete,MemoryChunk,0x37b264980000
delete,MemoryChunk,0x113d7ca80000
delete,MemoryChunk,0x310c73340000
delete,MemoryChunk,0x3a006db80000
delete,MemoryChunk,0x1ec756880000
delete,MemoryChunk,0x319f566c0000
delete,MemoryChunk,0x55839c980000
delete,MemoryChunk,0x55839c9c0000
delete,MemoryChunk,0x3406d000000
delete,MemoryChunk,0x3d3fcde80000
delete,MemoryChunk,0x19bcfbcc0000
delete,LargeObjectChunk,0x2c8c3a1c0000
delete,MemoryChunk,0x2c8c3a1c0000
delete,LargeObjectChunk,0x278e96e80000
delete,MemoryChunk,0x278e96e80000
delete,LargeObjectChunk,0x2ac96f800000
delete,MemoryChunk,0x2ac96f800000
delete,LargeObjectChunk,0x81f98000000
delete,MemoryChunk,0x81f98000000
delete,MemoryChunk,0x25a317940000
delete,MemoryChunk,0x6dd252c0000
delete,MemoryChunk,0x3f8dcb240000
delete,MemoryChunk,0x192153a80000
delete,MemoryChunk,0x2d92a91c0000
delete,MemoryChunk,0x2c0ac6640000
delete,MemoryChunk,0x393bdc180000
delete,MemoryChunk,0x298b3a80000
delete,MemoryChunk,0x2f61b8c80000
delete,MemoryChunk,0x177ee41c0000
delete,MemoryChunk,0x1bb3a9ec0000
delete,MemoryChunk,0x1dc4ce480000
delete,MemoryChunk,0x247f09e80000
delete,MemoryChunk,0x3082a5700000
delete,MemoryChunk,0x33763c300000
delete,MemoryChunk,0x165885540000
