v8-version,10,2,154,23,-node.22,0
v8-platform,linux,linux
new,CodeRange,0x55fec30e0000,0
new,MemoryChunk,0x27df3f5c0000,262144
new,MemoryChunk,0x2e20efb80000,262144
new,MemoryChunk,0x11dd74440000,262144
new,MemoryChunk,0x18e6d8040000,262144
new,MemoryChunk,0x27e11c200000,262144
heap-capacity,1030976
heap-available,2198828672
new,MemoryChunk,0x16900af00000,262144
new,MemoryChunk,0x3cefaea80000,262144
new,MemoryChunk,0x1c6f3f180000,262144
new,MemoryChunk,0x19e899580000,262144
new,MemoryChunk,0x1fc74b500000,262144
new,MemoryChunk,0x1c7a6ddc0000,262144
new,MemoryChunk,0x1fc5b44c0000,262144
new,MemoryChunk,0x1afbbdb40000,262144
new,MemoryChunk,0x2022a3300000,262144
new,MemoryChunk,0x39fbee600000,262144
new,MemoryChunk,0x55fec3100000,262144
new,MemoryChunk,0x330922380000,262144
new,MemoryChunk,0x2aa7b4640000,262144
new,MemoryChunk,0x316146ec0000,262144
new,MemoryChunk,0x1716fc140000,262144
new,MemoryChunk,0x289f623c0000,262144
new,MemoryChunk,0x3feec7c80000,262144
new,MemoryChunk,0xfd9a4100000,262144
new,MemoryChunk,0x239cfac80000,262144
new,MemoryChunk,0x55fec3140000,262144
new,MemoryChunk,0x141e32fc0000,262144
new,MemoryChunk,0x6e59e700000,262144
new,MemoryChunk,0xc1b0ca40000,180224
new,MemoryChunk,0x3bd8e3880000,262144
new,MemoryChunk,0x3fadd4100000,262144
new,MemoryChunk,0x3f1240a00000,262144
new,MemoryChunk,0x20f84d500000,262144
new,MemoryChunk,0x389b42a00000,262144
new,MemoryChunk,0x1632c10c0000,364544
new,MemoryChunk,0x965273c0000,262144
new,MemoryChunk,0x1e9685b40000,262144
new,MemoryChunk,0xffa9a3c0000,262144
new,MemoryChunk,0x2866e4e40000,262144
new,MemoryChunk,0xcdacac00000,798720
new,MemoryChunk,0xbe649340000,262144
new,MemoryChunk,0x39fde8ac0000,262144
new,MemoryChunk,0x1ba863f00000,262144
new,MemoryChunk,0x3032f94c0000,262144
new,MemoryChunk,0x510127c0000,262144
new,MemoryChunk,0x17b22d200000,262144
new,MemoryChunk,0x125dd3880000,262144
new,MemoryChunk,0x286d7ddc0000,262144
new,MemoryChunk,0x15cd61540000,798720
new,MemoryChunk,0x228408580000,262144
new,MemoryChunk,0x104033a80000,262144
delete,MemoryChunk,0x16900af00000
delete,MemoryChunk,0x1c6f3f180000
delete,MemoryChunk,0x19e899580000
delete,MemoryChunk,0x1fc74b500000
delete,MemoryChunk,0x1c7a6ddc0000
delete,MemoryChunk,0x1fc5b44c0000
delete,MemoryChunk,0x1afbbdb40000
delete,MemoryChunk,0x2022a3300000
delete,MemoryChunk,0x39fbee600000
delete,MemoryChunk,0x330922380000
delete,MemoryChunk,0x316146ec0000
delete,MemoryChunk,0x1716fc140000
delete,MemoryChunk,0xfd9a4100000
delete,MemoryChunk,0x3bd8e3880000
delete,MemoryChunk,0x965273c0000
delete,MemoryChunk,0x2866e4e40000
delete,MemoryChunk,0x141e32fc0000
delete,MemoryChunk,0x239cfac80000
delete,MemoryChunk,0x289f623c0000
delete,MemoryChunk,0x3feec7c80000
delete,MemoryChunk,0x1e9685b40000
delete,MemoryChunk,0xffa9a3c0000
delete,MemoryChunk,0x228408580000
delete,MemoryChunk,0x104033a80000
delete,MemoryChunk,0x55fec3100000
delete,MemoryChunk,0x55fec3140000
delete,MemoryChunk,0x3cefaea80000
delete,MemoryChunk,0x2aa7b4640000
delete,MemoryChunk,0x6e59e700000
delete,LargeObjectChunk,0xc1b0ca40000
delete,MemoryChunk,0xc1b0ca40000
delete,LargeObjectChunk,0x1632c10c0000
delete,MemoryChunk,0x1632c10c0000
delete,LargeObjectChunk,0xcdacac00000
delete,MemoryChunk,0xcdacac00000
delete,LargeObjectChunk,0x15cd61540000
delete,MemoryChunk,0x15cd61540000
delete,MemoryChunk,0x3fadd4100000
delete,MemoryChunk,0x3f1240a00000
delete,MemoryChunk,0x20f84d500000
delete,MemoryChunk,0x389b42a00000
delete,MemoryChunk,0x510127c0000
delete,MemoryChunk,0x17b22d200000
delete,MemoryChunk,0x125dd3880000
delete,MemoryChunk,0x286d7ddc0000
delete,MemoryChunk,0x2e20efb80000
delete,MemoryChunk,0x11dd74440000
delete,MemoryChunk,0x18e6d8040000
delete,MemoryChunk,0x27e11c200000
delete,MemoryChunk,0xbe649340000
delete,MemoryChunk,0x39fde8ac0000
delete,MemoryChunk,0x1ba863f00000
delete,MemoryChunk,0x3032f94c0000
