v8-version,10,2,154,23,-node.22,0
v8-platform,linux,linux
new,CodeRange,0x556bef505000,0
new,MemoryChunk,0x1c75f9840000,262144
new,MemoryChunk,0x1360e8000000,262144
new,MemoryChunk,0x9bc2f7c0000,262144
new,MemoryChunk,0x175e55240000,262144
new,MemoryChunk,0x12e480100000,262144
heap-capacity,1030976
heap-available,2198828672
new,MemoryChunk,0x3ca377080000,262144
new,MemoryChunk,0x35a770180000,262144
new,MemoryChunk,0x49a28bc0000,262144
new,MemoryChunk,0x2319ddcc0000,262144
new,MemoryChunk,0xabb25ac0000,262144
new,MemoryChunk,0x2bcd57040000,262144
new,MemoryChunk,0x2815e8fc0000,262144
new,MemoryChunk,0x101a67400000,262144
new,MemoryChunk,0xb9446780000,262144
new,MemoryChunk,0x151d234c0000,262144
new,MemoryChunk,0x556bef540000,262144
new,MemoryChunk,0x4e00a3c0000,262144
new,MemoryChunk,0x90c26740000,262144
new,MemoryChunk,0x17bcc3e80000,262144
new,MemoryChunk,0x273430f40000,262144
new,MemoryChunk,0x2df7b2240000,262144
new,MemoryChunk,0x1aa0e55c0000,262144
new,MemoryChunk,0xdb877000000,262144
new,MemoryChunk,0x3938893c0000,262144
new,MemoryChunk,0x556bef580000,262144
new,MemoryChunk,0x106af1840000,262144
new,MemoryChunk,0x18a785640000,262144
new,MemoryChunk,0x47c5a740000,180224
new,MemoryChunk,0x21e7b8300000,262144
new,MemoryChunk,0x3ec2f8d00000,262144
new,MemoryChunk,0x102030480000,262144
new,MemoryChunk,0x376fdb640000,262144
new,MemoryChunk,0x2b9461100000,262144
new,MemoryChunk,0x38b48b2c0000,364544
new,MemoryChunk,0x3d6c896c0000,262144
new,MemoryChunk,0x15c13b640000,262144
new,MemoryChunk,0x12c3fa640000,262144
new,MemoryChunk,0x37319f0c0000,798720
new,MemoryChunk,0x1e2c33ec0000,262144
new,MemoryChunk,0x1c007a6c0000,262144
new,MemoryChunk,0x473680c0000,262144
new,MemoryChunk,0x23845f440000,262144
new,MemoryChunk,0x3bfb3b000000,262144
new,MemoryChunk,0x19be2f800000,262144
new,MemoryChunk,0x2518731c0000,262144
new,MemoryChunk,0x170ff1a00000,262144
new,MemoryChunk,0x331f0d6c0000,262144
new,MemoryChunk,0xbf4b6f80000,798720
new,MemoryChunk,0x2aecab040000,262144
new,MemoryChunk,0x2cd101a00000,262144
delete,MemoryChunk,0x3ca377080000
delete,MemoryChunk,0x49a28bc0000
delete,MemoryChunk,0x2319ddcc0000
delete,MemoryChunk,0xabb25ac0000
delete,MemoryChunk,0x2bcd57040000
delete,MemoryChunk,0x2815e8fc0000
delete,MemoryChunk,0x101a67400000
delete,MemoryChunk,0xb9446780000
delete,MemoryChunk,0x151d234c0000
delete,MemoryChunk,0x4e00a3c0000
delete,MemoryChunk,0x17bcc3e80000
delete,MemoryChunk,0x273430f40000
delete,MemoryChunk,0xdb877000000
delete,MemoryChunk,0x21e7b8300000
delete,MemoryChunk,0x106af1840000
delete,MemoryChunk,0x3938893c0000
delete,MemoryChunk,0x2df7b2240000
delete,MemoryChunk,0x1aa0e55c0000
delete,MemoryChunk,0x3d6c896c0000
delete,MemoryChunk,0x15c13b640000
delete,MemoryChunk,0x331f0d6c0000
delete,MemoryChunk,0x12c3fa640000
delete,MemoryChunk,0x2aecab040000
delete,MemoryChunk,0x2cd101a00000
delete,MemoryChunk,0x556bef540000
delete,MemoryChunk,0x556bef580000
delete,MemoryChunk,0x35a770180000
delete,MemoryChunk,0x90c26740000
delete,MemoryChunk,0x18a785640000
delete,LargeObjectChunk,0x47c5a740000
delete,MemoryChunk,0x47c5a740000
delete,LargeObjectChunk,0x38b48b2c0000
delete,MemoryChunk,0x38b48b2c0000
delete,LargeObjectChunk,0x37319f0c0000
delete,MemoryChunk,0x37319f0c0000
delete,LargeObjectChunk,0xbf4b6f80000
delete,MemoryChunk,0xbf4b6f80000
delete,MemoryChunk,0x3ec2f8d00000
delete,MemoryChunk,0x102030480000
delete,MemoryChunk,0x376fdb640000
delete,MemoryChunk,0x2b9461100000
delete,MemoryChunk,0x3bfb3b000000
delete,MemoryChunk,0x19be2f800000
delete,MemoryChunk,0x2518731c0000
delete,MemoryChunk,0x170ff1a00000
delete,MemoryChunk,0x1360e8000000
delete,MemoryChunk,0x9bc2f7c0000
delete,MemoryChunk,0x175e55240000
delete,MemoryChunk,0x12e480100000
delete,MemoryChunk,0x1e2c33ec0000
delete,MemoryChunk,0x1c007a6c0000
delete,MemoryChunk,0x473680c0000
delete,MemoryChunk,0x23845f440000
