v8-version,10,2,154,23,-node.22,0
v8-platform,linux,linux
new,CodeRange,0x55b118d21000,0
new,MemoryChunk,0x37ce48200000,262144
new,MemoryChunk,0x27f2b9c40000,262144
new,MemoryChunk,0x3805f7880000,262144
new,MemoryChunk,0x23d222c00000,262144
new,MemoryChunk,0xdd44fc0000,262144
heap-capacity,1030976
heap-available,2198828672
new,MemoryChunk,0x38a9912c0000,262144
new,MemoryChunk,0x3e0c0b380000,262144
new,MemoryChunk,0x2745a6340000,262144
new,MemoryChunk,0x106cdb000000,262144
new,MemoryChunk,0x367959ac0000,262144
new,MemoryChunk,0x279f8d700000,262144
new,MemoryChunk,0x30a0cd140000,262144
new,MemoryChunk,0x1f2569e80000,262144
new,MemoryChunk,0x19e072b40000,262144
new,MemoryChunk,0x250640cc0000,262144
new,MemoryChunk,0x55b118d40000,262144
new,MemoryChunk,0x324ed9c0000,262144
new,MemoryChunk,0xf79240c0000,262144
new,MemoryChunk,0x31ae87c0000,262144
new,MemoryChunk,0x3e6c4c600000,262144
new,MemoryChunk,0xefe4a680000,262144
new,MemoryChunk,0x21810e900000,262144
new,MemoryChunk,0x9fdc74c0000,262144
new,MemoryChunk,0x85988440000,262144
new,MemoryChunk,0x29cd89240000,262144
new,MemoryChunk,0x26b4db400000,262144
new,MemoryChunk,0xf0fde880000,262144
new,MemoryChunk,0x55b118d80000,262144
new,MemoryChunk,0x1dcd0a500000,262144
new,MemoryChunk,0x23e8d400000,262144
new,MemoryChunk,0x17516b080000,262144
new,MemoryChunk,0x175119dc0000,262144
new,MemoryChunk,0x3a8e40b80000,262144
new,MemoryChunk,0x28201b500000,262144
new,MemoryChunk,0x11326a580000,262144
new,MemoryChunk,0x30c5fc900000,262144
new,MemoryChunk,0x24c697880000,262144
new,MemoryChunk,0xfdbf4240000,172032
new,MemoryChunk,0x9c01a340000,262144
new,MemoryChunk,0xf26ea940000,262144
new,MemoryChunk,0x32163ef40000,262144
new,MemoryChunk,0x2f1df1280000,262144
new,MemoryChunk,0x1ae5f400000,262144
new,MemoryChunk,0xb1891e80000,262144
new,MemoryChunk,0x124c94380000,262144
new,MemoryChunk,0x8ca3e940000,262144
new,MemoryChunk,0xcf96bb00000,262144
new,MemoryChunk,0xca567240000,262144
new,MemoryChunk,0x25839aa00000,262144
new,MemoryChunk,0x3da134c00000,364544
new,MemoryChunk,0x2e9ee42c0000,798720
new,MemoryChunk,0x2faefa880000,798720
new,MemoryChunk,0x28b1a33c0000,262144
new,MemoryChunk,0x1e3b39680000,262144
new,MemoryChunk,0x3ddb00d80000,262144
new,MemoryChunk,0xb4a9100000,262144
new,MemoryChunk,0x1e52e92c0000,262144
new,MemoryChunk,0x37771e680000,262144
new,MemoryChunk,0x12ca2ee80000,262144
new,MemoryChunk,0x1c1f70340000,262144
new,MemoryChunk,0x26ed7f940000,262144
new,MemoryChunk,0xba80e840000,262144
new,MemoryChunk,0x2e9d5e480000,262144
new,MemoryChunk,0x3345dee80000,262144
new,MemoryChunk,0x2151bc280000,262144
new,MemoryChunk,0x3e5911fc0000,262144
new,MemoryChunk,0x383012fc0000,262144
new,MemoryChunk,0x2b0858800000,262144
new,MemoryChunk,0x1e6ed09c0000,262144
new,MemoryChunk,0x2d804dfc0000,262144
new,MemoryChunk,0x186b1ff00000,262144
new,MemoryChunk,0x79731ec0000,262144
new,MemoryChunk,0xa9e9b2c0000,262144
new,MemoryChunk,0x3699eacc0000,262144
new,MemoryChunk,0x3426ff880000,262144
new,MemoryChunk,0xa0f97100000,262144
new,MemoryChunk,0x254e2ee80000,245760
new,MemoryChunk,0x79cf100000,262144
new,MemoryChunk,0x1f5ebb980000,270336
new,MemoryChunk,0x55b118dc0000,262144
delete,MemoryChunk,0x38a9912c0000
delete,MemoryChunk,0x2745a6340000
delete,MemoryChunk,0x106cdb000000
delete,MemoryChunk,0x367959ac0000
delete,MemoryChunk,0x279f8d700000
delete,MemoryChunk,0x30a0cd140000
delete,MemoryChunk,0x1f2569e80000
delete,MemoryChunk,0x19e072b40000
delete,MemoryChunk,0x250640cc0000
delete,MemoryChunk,0x324ed9c0000
delete,MemoryChunk,0x31ae87c0000
delete,MemoryChunk,0x3e6c4c600000
delete,MemoryChunk,0xefe4a680000
delete,MemoryChunk,0x21810e900000
delete,MemoryChunk,0x9fdc74c0000
delete,MemoryChunk,0x26b4db400000
delete,MemoryChunk,0xf0fde880000
delete,MemoryChunk,0x3a8e40b80000
delete,MemoryChunk,0x85988440000
delete,MemoryChunk,0x11326a580000
delete,MemoryChunk,0x28201b500000
delete,MemoryChunk,0x30c5fc900000
delete,MemoryChunk,0x24c697880000
delete,MemoryChunk,0xcf96bb00000
delete,MemoryChunk,0xca567240000
delete,MemoryChunk,0x25839aa00000
delete,MemoryChunk,0x28b1a33c0000
delete,MemoryChunk,0x3ddb00d80000
delete,MemoryChunk,0xb4a9100000
delete,MemoryChunk,0x1e3b39680000
delete,MemoryChunk,0x3699eacc0000
delete,MemoryChunk,0xa9e9b2c0000
delete,MemoryChunk,0x3426ff880000
delete,MemoryChunk,0xa0f97100000
delete,MemoryChunk,0x55b118d40000
delete,MemoryChunk,0x55b118d80000
delete,MemoryChunk,0x55b118dc0000
delete,MemoryChunk,0x3e0c0b380000
delete,MemoryChunk,0xf79240c0000
delete,MemoryChunk,0x29cd89240000
delete,MemoryChunk,0x79cf100000
delete,LargeObjectChunk,0xfdbf4240000
delete,MemoryChunk,0xfdbf4240000
delete,LargeObjectChunk,0x2faefa880000
delete,MemoryChunk,0x2faefa880000
delete,LargeObjectChunk,0x3da134c00000
delete,MemoryChunk,0x3da134c00000
delete,LargeObjectChunk,0x2e9ee42c0000
delete,MemoryChunk,0x2e9ee42c0000
delete,LargeObjectChunk,0x254e2ee80000
delete,MemoryChunk,0x254e2ee80000
delete,LargeObjectChunk,0x1f5ebb980000
delete,MemoryChunk,0x1f5ebb980000
delete,MemoryChunk,0x27f2b9c40000
delete,MemoryChunk,0x3805f7880000
delete,MemoryChunk,0x1ae5f400000
delete,MemoryChunk,0xb1891e80000
delete,MemoryChunk,0x124c94380000
delete,MemoryChunk,0x8ca3e940000
delete,MemoryChunk,0xdd44fc0000
delete,MemoryChunk,0x23d222c00000
delete,MemoryChunk,0x2151bc280000
delete,MemoryChunk,0x3e5911fc0000
delete,MemoryChunk,0x383012fc0000
delete,MemoryChunk,0x2b0858800000
delete,MemoryChunk,0x1e6ed09c0000
delete,MemoryChunk,0x2d804dfc0000
delete,MemoryChunk,0x186b1ff00000
delete,MemoryChunk,0x79731ec0000
delete,MemoryChunk,0x1dcd0a500000
delete,MemoryChunk,0x23e8d400000
delete,MemoryChunk,0x17516b080000
delete,MemoryChunk,0x175119dc0000
delete,MemoryChunk,0x9c01a340000
delete,MemoryChunk,0xf26ea940000
delete,MemoryChunk,0x32163ef40000
delete,MemoryChunk,0x2f1df1280000
delete,MemoryChunk,0x1e52e92c0000
delete,MemoryChunk,0x37771e680000
delete,MemoryChunk,0x12ca2ee80000
delete,MemoryChunk,0x1c1f70340000
delete,MemoryChunk,0x26ed7f940000
delete,MemoryChunk,0xba80e840000
delete,MemoryChunk,0x2e9d5e480000
delete,MemoryChunk,0x3345dee80000
