v8-version,10,2,154,23,-node.22,0
v8-platform,linux,linux
new,CodeRange,0x55fe74e3c000,0
new,MemoryChunk,0x13e707d40000,262144
new,MemoryChunk,0x24d789140000,262144
new,MemoryChunk,0x7e232380000,262144
new,MemoryChunk,0x400f22c0000,262144
new,MemoryChunk,0x29eb5b100000,262144
heap-capacity,1030976
heap-available,2198828672
new,MemoryChunk,0x263d1ffc0000,262144
new,MemoryChunk,0xd1ac6400000,262144
new,MemoryChunk,0x1656e6780000,262144
new,MemoryChunk,0x3544e0fc0000,262144
new,MemoryChunk,0x1d8f0c500000,262144
new,MemoryChunk,0x55a5d4c0000,262144
new,MemoryChunk,0x3302ce400000,262144
new,MemoryChunk,0x3325d5200000,262144
new,MemoryChunk,0x3d29afd00000,262144
new,MemoryChunk,0xa18dedc0000,262144
new,MemoryChunk,0x55fe74e40000,262144
new,MemoryChunk,0x2fb6da700000,262144
new,MemoryChunk,0x11f2f2d00000,262144
new,MemoryChunk,0x3c351d440000,262144
new,MemoryChunk,0x3f1b6e840000,262144
new,MemoryChunk,0xd1f2eb40000,262144
new,MemoryChunk,0x2c0144600000,262144
new,MemoryChunk,0xd16e3380000,262144
new,MemoryChunk,0x19b4bb540000,262144
new,MemoryChunk,0x179238700000,262144
new,MemoryChunk,0x39eff5380000,262144
new,MemoryChunk,0x3c9b9fb00000,262144
new,MemoryChunk,0x55fe74e80000,262144
new,MemoryChunk,0x2c13ec440000,262144
new,MemoryChunk,0xbd030e80000,262144
new,MemoryChunk,0x20ad2ce40000,262144
new,MemoryChunk,0x2266c0bc0000,262144
new,MemoryChunk,0x1a4ac32c0000,262144
new,MemoryChunk,0x2f28a7c00000,262144
new,MemoryChunk,0x3940b4cc0000,262144
new,MemoryChunk,0x13413c780000,262144
new,MemoryChunk,0x3c9fac9c0000,262144
new,MemoryChunk,0x2e99c7840000,172032
new,MemoryChunk,0x3f7828f80000,262144
new,MemoryChunk,0xe584a940000,262144
new,MemoryChunk,0x465a8400000,262144
new,MemoryChunk,0x1f4e6a200000,262144
new,MemoryChunk,0x21f31d140000,262144
new,MemoryChunk,0x2e2955c00000,262144
new,MemoryChunk,0x7b2489c0000,262144
new,MemoryChunk,0x168e76d00000,262144
new,MemoryChunk,0x29ec81500000,262144
new,MemoryChunk,0x36b4b30c0000,262144
new,MemoryChunk,0x3b6476580000,262144
new,MemoryChunk,0x20fb9100000,364544
new,MemoryChunk,0x22d4bf1c0000,798720
new,MemoryChunk,0x117b6ac00000,798720
new,MemoryChunk,0xa660da80000,262144
new,MemoryChunk,0xbda3e480000,262144
new,MemoryChunk,0x1a8bb94c0000,262144
new,MemoryChunk,0x25c6f1380000,262144
new,MemoryChunk,0x852a8980000,262144
new,MemoryChunk,0x3e1de7380000,262144
new,MemoryChunk,0x2b597b40000,262144
new,MemoryChunk,0x43ce11c0000,262144
new,MemoryChunk,0x3b2521500000,262144
new,MemoryChunk,0x281351340000,262144
new,MemoryChunk,0x806c4e00000,262144
new,MemoryChunk,0x1890a82c0000,262144
new,MemoryChunk,0x3af9fb000000,262144
new,MemoryChunk,0x7055cc00000,262144
new,MemoryChunk,0x265731200000,262144
new,MemoryChunk,0x11ee7f180000,262144
new,MemoryChunk,0x2a637c5c0000,262144
new,MemoryChunk,0x1c7e9c680000,262144
new,MemoryChunk,0x9f8e1e40000,262144
new,MemoryChunk,0x9317a7c0000,262144
new,MemoryChunk,0xd408a240000,262144
new,MemoryChunk,0xb8f54c00000,262144
new,MemoryChunk,0x113274680000,262144
new,MemoryChunk,0x255ef9740000,245760
new,MemoryChunk,0x5ea2c40000,262144
new,MemoryChunk,0x38fd95c00000,270336
new,MemoryChunk,0x1f4141bc0000,262144
new,MemoryChunk,0x55fe74ec0000,262144
delete,MemoryChunk,0x263d1ffc0000
delete,MemoryChunk,0x1656e6780000
delete,MemoryChunk,0x3544e0fc0000
delete,MemoryChunk,0x1d8f0c500000
delete,MemoryChunk,0x55a5d4c0000
delete,MemoryChunk,0x3302ce400000
delete,MemoryChunk,0x3325d5200000
delete,MemoryChunk,0x3d29afd00000
delete,MemoryChunk,0xa18dedc0000
delete,MemoryChunk,0x2fb6da700000
delete,MemoryChunk,0x3c351d440000
delete,MemoryChunk,0x3f1b6e840000
delete,MemoryChunk,0xd1f2eb40000
delete,MemoryChunk,0x2c0144600000
delete,MemoryChunk,0xd16e3380000
delete,MemoryChunk,0x39eff5380000
delete,MemoryChunk,0x1a4ac32c0000
delete,MemoryChunk,0x19b4bb540000
delete,MemoryChunk,0x2f28a7c00000
delete,MemoryChunk,0x13413c780000
delete,MemoryChunk,0x3c9fac9c0000
delete,MemoryChunk,0x29ec81500000
delete,MemoryChunk,0x36b4b30c0000
delete,MemoryChunk,0x3b6476580000
delete,MemoryChunk,0xa660da80000
delete,MemoryChunk,0x3940b4cc0000
delete,MemoryChunk,0x3c9b9fb00000
delete,MemoryChunk,0x25c6f1380000
delete,MemoryChunk,0xbda3e480000
delete,MemoryChunk,0x1a8bb94c0000
delete,MemoryChunk,0xb8f54c00000
delete,MemoryChunk,0xd408a240000
delete,MemoryChunk,0x113274680000
delete,MemoryChunk,0x1f4141bc0000
delete,MemoryChunk,0x55fe74e40000
delete,MemoryChunk,0x55fe74e80000
delete,MemoryChunk,0x55fe74ec0000
delete,MemoryChunk,0xd1ac6400000
delete,MemoryChunk,0x11f2f2d00000
delete,MemoryChunk,0x179238700000
delete,MemoryChunk,0x5ea2c40000
delete,LargeObjectChunk,0x2e99c7840000
delete,MemoryChunk,0x2e99c7840000
delete,LargeObjectChunk,0x22d4bf1c0000
delete,MemoryChunk,0x22d4bf1c0000
delete,LargeObjectChunk,0x20fb9100000
delete,MemoryChunk,0x20fb9100000
delete,LargeObjectChunk,0x117b6ac00000
delete,MemoryChunk,0x117b6ac00000
delete,LargeObjectChunk,0x255ef9740000
delete,MemoryChunk,0x255ef9740000
delete,LargeObjectChunk,0x38fd95c00000
delete,MemoryChunk,0x38fd95c00000
delete,MemoryChunk,0x24d789140000
delete,MemoryChunk,0x7e232380000
delete,MemoryChunk,0x21f31d140000
delete,MemoryChunk,0x2e2955c00000
delete,MemoryChunk,0x7b2489c0000
delete,MemoryChunk,0x168e76d00000
delete,MemoryChunk,0x29eb5b100000
delete,MemoryChunk,0x400f22c0000
delete,MemoryChunk,0x3af9fb000000
delete,MemoryChunk,0x7055cc00000
delete,MemoryChunk,0x265731200000
delete,MemoryChunk,0x11ee7f180000
delete,MemoryChunk,0x2a637c5c0000
delete,MemoryChunk,0x1c7e9c680000
delete,MemoryChunk,0x9f8e1e40000
delete,MemoryChunk,0x9317a7c0000
delete,MemoryChunk,0x2c13ec440000
delete,MemoryChunk,0xbd030e80000
delete,MemoryChunk,0x20ad2ce40000
delete,MemoryChunk,0x2266c0bc0000
delete,MemoryChunk,0x3f7828f80000
delete,MemoryChunk,0xe584a940000
delete,MemoryChunk,0x465a8400000
delete,MemoryChunk,0x1f4e6a200000
delete,MemoryChunk,0x852a8980000
delete,MemoryChunk,0x3e1de7380000
delete,MemoryChunk,0x2b597b40000
delete,MemoryChunk,0x43ce11c0000
delete,MemoryChunk,0x3b2521500000
delete,MemoryChunk,0x281351340000
delete,MemoryChunk,0x806c4e00000
delete,MemoryChunk,0x1890a82c0000
