v8-version,10,2,154,23,-node.22,0
v8-platform,linux,linux
new,CodeRange,0x55ed09a5b000,0
new,MemoryChunk,0x21402d000000,262144
new,MemoryChunk,0xb3ad0780000,262144
new,MemoryChunk,0x1fc6f0a80000,262144
new,MemoryChunk,0x17d0c8580000,262144
new,MemoryChunk,0x3b5204940000,262144
heap-capacity,1030976
heap-available,2198828672
new,MemoryChunk,0x2acf00000000,262144
new,MemoryChunk,0x1c9e97580000,262144
new,MemoryChunk,0xd06cdc80000,262144
new,MemoryChunk,0x2e22073c0000,262144
new,MemoryChunk,0x352e4aac0000,262144
new,MemoryChunk,0x2f0e01880000,262144
new,MemoryChunk,0x34c71fa00000,262144
new,MemoryChunk,0x346ea8400000,262144
new,MemoryChunk,0x127dcea40000,262144
new,MemoryChunk,0x3b358900000,262144
new,MemoryChunk,0x55ed09a80000,262144
new,MemoryChunk,0x3cd919d40000,262144
new,MemoryChunk,0x1ad8bd640000,262144
new,MemoryChunk,0x40484dc0000,262144
new,MemoryChunk,0x19b7233c0000,262144
new,MemoryChunk,0x17afa8000000,262144
new,MemoryChunk,0x36f386fc0000,262144
new,MemoryChunk,0x3f89339c0000,262144
new,MemoryChunk,0x383b86a40000,262144
new,MemoryChunk,0x18a09f740000,262144
new,MemoryChunk,0x1fc5e3300000,262144
new,MemoryChunk,0xf32f5100000,262144
new,MemoryChunk,0x55ed09ac0000,262144
new,MemoryChunk,0x7626b040000,262144
new,MemoryChunk,0x9bc3c1c0000,262144
new,MemoryChunk,0x302895400000,262144
new,MemoryChunk,0x33d1a4bc0000,262144
new,MemoryChunk,0x78315000000,262144
new,MemoryChunk,0x2c3c59b00000,262144
new,MemoryChunk,0x324a2bec0000,262144
new,MemoryChunk,0x1da062800000,262144
new,MemoryChunk,0x2132d6340000,262144
new,MemoryChunk,0xbe726500000,172032
new,MemoryChunk,0x3d7505d00000,262144
new,MemoryChunk,0x35c2eb100000,262144
new,MemoryChunk,0x142ecd1c0000,262144
new,MemoryChunk,0x33455c040000,262144
new,MemoryChunk,0x103253800000,262144
new,MemoryChunk,0xda9de400000,262144
new,MemoryChunk,0x235072440000,262144
new,MemoryChunk,0x6f9e3d40000,262144
new,MemoryChunk,0xb81d0740000,262144
new,MemoryChunk,0x183cf8e00000,262144
new,MemoryChunk,0x3876da740000,262144
new,MemoryChunk,0x24bf25e00000,364544
new,MemoryChunk,0x145f54a80000,798720
new,MemoryChunk,0x143a3a940000,798720
new,MemoryChunk,0x111970cc0000,262144
new,MemoryChunk,0x206d0bd80000,262144
new,MemoryChunk,0x271f7eb80000,262144
new,MemoryChunk,0x30bd7c540000,262144
new,MemoryChunk,0x3ae142fc0000,262144
new,MemoryChunk,0x18f83c840000,262144
new,MemoryChunk,0x9b82d480000,262144
new,MemoryChunk,0x38cd09800000,262144
new,MemoryChunk,0x226854b00000,262144
new,MemoryChunk,0x25631e680000,262144
new,MemoryChunk,0x1c49c9d00000,262144
new,MemoryChunk,0x35b57e780000,262144
new,MemoryChunk,0x11e1c840000,262144
new,MemoryChunk,0x147ddbc40000,262144
new,MemoryChunk,0x243c8a280000,262144
new,MemoryChunk,0x244867200000,262144
new,MemoryChunk,0x32ca43140000,262144
new,MemoryChunk,0x17260c200000,262144
new,MemoryChunk,0x2172efc00000,262144
new,MemoryChunk,0x18b559dc0000,262144
new,MemoryChunk,0x25edf0800000,262144
new,MemoryChunk,0x21b5028c0000,262144
new,MemoryChunk,0x1baba3f40000,262144
new,MemoryChunk,0x2d6dc8280000,262144
new,MemoryChunk,0xc2d96cc0000,262144
new,MemoryChunk,0x15b435480000,245760
new,MemoryChunk,0x2955a2b00000,262144
new,MemoryChunk,0x1eed9a00000,270336
new,MemoryChunk,0x55ed09b00000,262144
delete,MemoryChunk,0x2acf00000000
delete,MemoryChunk,0xd06cdc80000
delete,MemoryChunk,0x2e22073c0000
delete,MemoryChunk,0x352e4aac0000
delete,MemoryChunk,0x2f0e01880000
delete,MemoryChunk,0x34c71fa00000
delete,MemoryChunk,0x346ea8400000
delete,MemoryChunk,0x127dcea40000
delete,MemoryChunk,0x3b358900000
delete,MemoryChunk,0x3cd919d40000
delete,MemoryChunk,0x40484dc0000
delete,MemoryChunk,0x19b7233c0000
delete,MemoryChunk,0x17afa8000000
delete,MemoryChunk,0x36f386fc0000
delete,MemoryChunk,0x3f89339c0000
delete,MemoryChunk,0x1fc5e3300000
delete,MemoryChunk,0xf32f5100000
delete,MemoryChunk,0x78315000000
delete,MemoryChunk,0x383b86a40000
delete,MemoryChunk,0xb81d0740000
delete,MemoryChunk,0x183cf8e00000
delete,MemoryChunk,0x3876da740000
delete,MemoryChunk,0x324a2bec0000
delete,MemoryChunk,0x2132d6340000
delete,MemoryChunk,0x1da062800000
delete,MemoryChunk,0x111970cc0000
delete,MemoryChunk,0x30bd7c540000
delete,MemoryChunk,0x25edf0800000
delete,MemoryChunk,0x271f7eb80000
delete,MemoryChunk,0x21b5028c0000
delete,MemoryChunk,0x1baba3f40000
delete,MemoryChunk,0xc2d96cc0000
delete,MemoryChunk,0x206d0bd80000
delete,MemoryChunk,0x2c3c59b00000
delete,MemoryChunk,0x2d6dc8280000
delete,MemoryChunk,0x55ed09a80000
delete,MemoryChunk,0x55ed09ac0000
delete,MemoryChunk,0x55ed09b00000
delete,MemoryChunk,0x1c9e97580000
delete,MemoryChunk,0x1ad8bd640000
delete,MemoryChunk,0x18a09f740000
delete,MemoryChunk,0x2955a2b00000
delete,LargeObjectChunk,0xbe726500000
delete,MemoryChunk,0xbe726500000
delete,LargeObjectChunk,0x143a3a940000
delete,MemoryChunk,0x143a3a940000
delete,LargeObjectChunk,0x24bf25e00000
delete,MemoryChunk,0x24bf25e00000
delete,LargeObjectChunk,0x145f54a80000
delete,MemoryChunk,0x145f54a80000
delete,LargeObjectChunk,0x15b435480000
delete,MemoryChunk,0x15b435480000
delete,LargeObjectChunk,0x1eed9a00000
delete,MemoryChunk,0x1eed9a00000
delete,MemoryChunk,0xb3ad0780000
delete,MemoryChunk,0x1fc6f0a80000
delete,MemoryChunk,0x103253800000
delete,MemoryChunk,0xda9de400000
delete,MemoryChunk,0x235072440000
delete,MemoryChunk,0x6f9e3d40000
delete,MemoryChunk,0x3b5204940000
delete,MemoryChunk,0x17d0c8580000
delete,MemoryChunk,0x11e1c840000
delete,MemoryChunk,0x147ddbc40000
delete,MemoryChunk,0x243c8a280000
delete,MemoryChunk,0x244867200000
delete,MemoryChunk,0x32ca43140000
delete,MemoryChunk,0x17260c200000
delete,MemoryChunk,0x2172efc00000
delete,MemoryChunk,0x18b559dc0000
delete,MemoryChunk,0x7626b040000
delete,MemoryChunk,0x9bc3c1c0000
delete,MemoryChunk,0x302895400000
delete,MemoryChunk,0x33d1a4bc0000
delete,MemoryChunk,0x3d7505d00000
delete,MemoryChunk,0x35c2eb100000
delete,MemoryChunk,0x142ecd1c0000
delete,MemoryChunk,0x33455c040000
delete,MemoryChunk,0x3ae142fc0000
delete,MemoryChunk,0x18f83c840000
delete,MemoryChunk,0x9b82d480000
delete,MemoryChunk,0x38cd09800000
delete,MemoryChunk,0x226854b00000
delete,MemoryChunk,0x25631e680000
delete,MemoryChunk,0x1c49c9d00000
delete,MemoryChunk,0x35b57e780000
