v8-version,10,2,154,23,-node.22,0
v8-platform,linux,linux
new,CodeRange,0x55bd2989c000,0
new,MemoryChunk,0x3a3f84ec0000,262144
new,MemoryChunk,0x1e91fd640000,262144
new,MemoryChunk,0x264395ac0000,262144
new,MemoryChunk,0x3ccaec8c0000,262144
new,MemoryChunk,0x3cb17a540000,262144
heap-capacity,1030976
heap-available,2198828672
new,MemoryChunk,0x238d9a200000,262144
new,MemoryChunk,0x30ff15700000,262144
new,MemoryChunk,0x3c79518c0000,262144
new,MemoryChunk,0xa32d4240000,262144
new,MemoryChunk,0x1d42487c0000,262144
new,MemoryChunk,0x31ebc1100000,262144
new,MemoryChunk,0x42156c40000,262144
new,MemoryChunk,0x5d481500000,262144
new,MemoryChunk,0x1c1b97c40000,262144
new,MemoryChunk,0x45095480000,262144
new,MemoryChunk,0x55bd298c0000,262144
new,MemoryChunk,0x14b213b00000,262144
new,MemoryChunk,0x21068b380000,262144
new,MemoryChunk,0x16c4a9540000,262144
new,MemoryChunk,0x2463c3fc0000,262144
new,MemoryChunk,0x373c8a2c0000,262144
new,MemoryChunk,0x82505000000,262144
new,MemoryChunk,0x34c6f4940000,262144
new,MemoryChunk,0x1f716b440000,262144
new,MemoryChunk,0x55bd29900000,262144
new,MemoryChunk,0x3d0858380000,262144
new,MemoryChunk,0xc3a47780000,262144
new,MemoryChunk,0x45532840000,262144
new,MemoryChunk,0x22e5f7580000,262144
new,MemoryChunk,0x2a52e70c0000,262144
new,MemoryChunk,0x16da079c0000,262144
new,MemoryChunk,0x15876a6c0000,262144
new,MemoryChunk,0x2bb8eea80000,262144
delete,MemoryChunk,0x238d9a200000
delete,MemoryChunk,0x3c79518c0000
delete,MemoryChunk,0xa32d4240000
delete,MemoryChunk,0x1d42487c0000
delete,MemoryChunk,0x31ebc1100000
delete,MemoryChunk,0x42156c40000
delete,MemoryChunk,0x5d481500000
delete,MemoryChunk,0x1c1b97c40000
delete,MemoryChunk,0x45095480000
delete,MemoryChunk,0x14b213b00000
delete,MemoryChunk,0x16c4a9540000
delete,MemoryChunk,0x2463c3fc0000
delete,MemoryChunk,0x373c8a2c0000
delete,MemoryChunk,0x82505000000
delete,MemoryChunk,0x34c6f4940000
delete,MemoryChunk,0x1f716b440000
delete,MemoryChunk,0x3d0858380000
delete,MemoryChunk,0x45532840000
delete,MemoryChunk,0x2bb8eea80000
delete,MemoryChunk,0x55bd298c0000
delete,MemoryChunk,0x55bd29900000
delete,MemoryChunk,0x30ff15700000
delete,MemoryChunk,0x21068b380000
delete,MemoryChunk,0xc3a47780000
delete,MemoryChunk,0x22e5f7580000
delete,MemoryChunk,0x2a52e70c0000
delete,MemoryChunk,0x16da079c0000
delete,MemoryChunk,0x15876a6c0000
delete,MemoryChunk,0x1e91fd640000
delete,MemoryChunk,0x264395ac0000
delete,MemoryChunk,0x3ccaec8c0000
delete,MemoryChunk,0x3cb17a540000
