v8-version,10,2,154,23,-node.22,0
v8-platform,linux,linux
new,CodeRange,0x561b44d8e000,0
new,MemoryChunk,0x1ce6214c0000,262144
new,MemoryChunk,0x126aa280000,262144
new,MemoryChunk,0x678768c0000,262144
new,MemoryChunk,0x2592f5700000,262144
new,MemoryChunk,0x251cbd640000,262144
heap-capacity,1030976
heap-available,2198828672
new,MemoryChunk,0x3023fa40000,262144
new,MemoryChunk,0x305443480000,262144
new,MemoryChunk,0xd70714c0000,262144
new,MemoryChunk,0x26cac4500000,262144
new,MemoryChunk,0x28ee56d00000,262144
new,MemoryChunk,0x22080eb80000,262144
new,MemoryChunk,0x206acf600000,262144
new,MemoryChunk,0x18cff1200000,262144
new,MemoryChunk,0x302f70180000,262144
new,MemoryChunk,0x2616dba80000,262144
new,MemoryChunk,0x561b44dc0000,262144
new,MemoryChunk,0x16047f080000,262144
new,MemoryChunk,0x1913d7ac0000,262144
new,MemoryChunk,0x76860f80000,262144
new,MemoryChunk,0x18c535640000,262144
new,MemoryChunk,0x3e02a1e80000,262144
new,MemoryChunk,0x18cd45f80000,262144
new,MemoryChunk,0x2960dd540000,262144
new,MemoryChunk,0xc018b780000,262144
new,MemoryChunk,0x561b44e00000,262144
new,MemoryChunk,0xbbad400000,262144
new,MemoryChunk,0x363729740000,262144
new,MemoryChunk,0x9c4af3c0000,262144
new,MemoryChunk,0x3393f0b00000,262144
new,MemoryChunk,0x393d28b00000,262144
new,MemoryChunk,0x26d721f00000,262144
new,MemoryChunk,0x25cc00980000,262144
new,MemoryChunk,0x35bc9e980000,262144
delete,MemoryChunk,0x3023fa40000
delete,MemoryChunk,0xd70714c0000
delete,MemoryChunk,0x26cac4500000
delete,MemoryChunk,0x28ee56d00000
delete,MemoryChunk,0x22080eb80000
delete,MemoryChunk,0x206acf600000
delete,MemoryChunk,0x18cff1200000
delete,MemoryChunk,0x302f70180000
delete,MemoryChunk,0x2616dba80000
delete,MemoryChunk,0x16047f080000
delete,MemoryChunk,0x76860f80000
delete,MemoryChunk,0x18c535640000
delete,MemoryChunk,0x3e02a1e80000
delete,MemoryChunk,0x18cd45f80000
delete,MemoryChunk,0x2960dd540000
delete,MemoryChunk,0xc018b780000
delete,MemoryChunk,0xbbad400000
delete,MemoryChunk,0x9c4af3c0000
delete,MemoryChunk,0x35bc9e980000
delete,MemoryChunk,0x561b44dc0000
delete,MemoryChunk,0x561b44e00000
delete,MemoryChunk,0x305443480000
delete,MemoryChunk,0x1913d7ac0000
delete,MemoryChunk,0x363729740000
delete,MemoryChunk,0x3393f0b00000
delete,MemoryChunk,0x393d28b00000
delete,MemoryChunk,0x26d721f00000
delete,MemoryChunk,0x25cc00980000
delete,MemoryChunk,0x126aa280000
delete,MemoryChunk,0x678768c0000
delete,MemoryChunk,0x2592f5700000
delete,MemoryChunk,0x251cbd640000
