v8-version,10,2,154,23,-node.22,0
v8-platform,linux,linux
new,CodeRange,0x556886acd000,0
new,MemoryChunk,0x1dba232c0000,262144
new,MemoryChunk,0x63aaedc0000,262144
new,MemoryChunk,0x3a159bc40000,262144
new,MemoryChunk,0xdf766680000,262144
new,MemoryChunk,0x13ad8e380000,262144
heap-capacity,1030976
heap-available,2198828672
new,MemoryChunk,0x39e047c0000,262144
new,MemoryChunk,0x20a701080000,262144
new,MemoryChunk,0x2865d5680000,262144
new,MemoryChunk,0x2e0179a00000,262144
new,MemoryChunk,0x3f5055100000,262144
new,MemoryChunk,0x740b8880000,262144
new,MemoryChunk,0x2f838c140000,262144
new,MemoryChunk,0x2b2730300000,262144
new,MemoryChunk,0x77fc1640000,262144
new,MemoryChunk,0x3812ce7c0000,262144
new,MemoryChunk,0x556886b00000,262144
new,MemoryChunk,0x2f4ae5e40000,262144
new,MemoryChunk,0x9fc03240000,262144
new,MemoryChunk,0x242355a40000,262144
new,MemoryChunk,0x2f1047f80000,262144
new,MemoryChunk,0x2d9683200000,262144
new,MemoryChunk,0x170fd4c40000,262144
new,MemoryChunk,0x3e9033d40000,262144
new,MemoryChunk,0x2da016140000,262144
new,MemoryChunk,0x556886b40000,262144
new,MemoryChunk,0x27b7c2dc0000,262144
new,MemoryChunk,0x13bd7f180000,262144
new,MemoryChunk,0x1cb4e91c0000,262144
new,MemoryChunk,0x1c96b7f40000,262144
new,MemoryChunk,0x39cb9f3c0000,262144
new,MemoryChunk,0x92213a40000,262144
new,MemoryChunk,0x34e6b3a80000,262144
new,MemoryChunk,0x294e1f00000,262144
delete,MemoryChunk,0x39e047c0000
delete,MemoryChunk,0x2865d5680000
delete,MemoryChunk,0x2e0179a00000
delete,MemoryChunk,0x3f5055100000
delete,MemoryChunk,0x740b8880000
delete,MemoryChunk,0x2f838c140000
delete,MemoryChunk,0x2b2730300000
delete,MemoryChunk,0x77fc1640000
delete,MemoryChunk,0x3812ce7c0000
delete,MemoryChunk,0x2f4ae5e40000
delete,MemoryChunk,0x242355a40000
delete,MemoryChunk,0x2f1047f80000
delete,MemoryChunk,0x2d9683200000
delete,MemoryChunk,0x170fd4c40000
delete,MemoryChunk,0x3e9033d40000
delete,MemoryChunk,0x2da016140000
delete,MemoryChunk,0x27b7c2dc0000
delete,MemoryChunk,0x1cb4e91c0000
delete,MemoryChunk,0x294e1f00000
delete,MemoryChunk,0x556886b00000
delete,MemoryChunk,0x556886b40000
delete,MemoryChunk,0x20a701080000
delete,MemoryChunk,0x9fc03240000
delete,MemoryChunk,0x13bd7f180000
delete,MemoryChunk,0x1c96b7f40000
delete,MemoryChunk,0x39cb9f3c0000
delete,MemoryChunk,0x92213a40000
delete,MemoryChunk,0x34e6b3a80000
delete,MemoryChunk,0x63aaedc0000
delete,MemoryChunk,0x3a159bc40000
delete,MemoryChunk,0xdf766680000
delete,MemoryChunk,0x13ad8e380000
